[0.722s] Invoking command in '/home/debora/ROS2Curso/ros2_ws/build/my_py_pkg': PYTHONPATH=/home/debora/ROS2Curso/ros2_ws/build/my_py_pkg/prefix_override:/home/debora/ROS2Curso/ros2_ws/install/my_py_pkg/lib/python3.10/site-packages:${PYTHONPATH} /usr/bin/python3 -W ignore:setup.py install is deprecated setup.py develop --editable --build-directory /home/debora/ROS2Curso/ros2_ws/build/my_py_pkg/build --no-deps symlink_data --force
[0.944s] running develop
[1.084s] running egg_info
[1.084s] writing my_py_pkg.egg-info/PKG-INFO
[1.084s] writing dependency_links to my_py_pkg.egg-info/dependency_links.txt
[1.084s] writing entry points to my_py_pkg.egg-info/entry_points.txt
[1.085s] writing requirements to my_py_pkg.egg-info/requires.txt
[1.085s] writing top-level names to my_py_pkg.egg-info/top_level.txt
[1.086s] reading manifest file 'my_py_pkg.egg-info/SOURCES.txt'
[1.087s] writing manifest file 'my_py_pkg.egg-info/SOURCES.txt'
[1.088s] running build_ext
[1.088s] Creating /home/debora/ROS2Curso/ros2_ws/install/my_py_pkg/lib/python3.10/site-packages/my-py-pkg.egg-link (link to .)
[1.089s] Installing py_node script to /home/debora/ROS2Curso/ros2_ws/install/my_py_pkg/lib/my_py_pkg
[1.089s] Installing robot_news_station script to /home/debora/ROS2Curso/ros2_ws/install/my_py_pkg/lib/my_py_pkg
[1.089s] 
[1.089s] Installed /home/debora/ROS2Curso/ros2_ws/build/my_py_pkg
[1.089s] running symlink_data
[1.089s] symbolically linking /home/debora/ROS2Curso/ros2_ws/build/my_py_pkg/resource/my_py_pkg -> /home/debora/ROS2Curso/ros2_ws/install/my_py_pkg/share/ament_index/resource_index/packages
[1.089s] symbolically linking /home/debora/ROS2Curso/ros2_ws/build/my_py_pkg/package.xml -> /home/debora/ROS2Curso/ros2_ws/install/my_py_pkg/share/my_py_pkg
[1.120s] Invoked command in '/home/debora/ROS2Curso/ros2_ws/build/my_py_pkg' returned '0': PYTHONPATH=/home/debora/ROS2Curso/ros2_ws/build/my_py_pkg/prefix_override:/home/debora/ROS2Curso/ros2_ws/install/my_py_pkg/lib/python3.10/site-packages:${PYTHONPATH} /usr/bin/python3 -W ignore:setup.py install is deprecated setup.py develop --editable --build-directory /home/debora/ROS2Curso/ros2_ws/build/my_py_pkg/build --no-deps symlink_data --force
