[0.799s] Invoking command in '/home/debora/ROS2Curso/ros2_ws/src/my_py_pkg': PYTHONPATH=/home/debora/ROS2Curso/ros2_ws/src/build/my_py_pkg/prefix_override:/home/debora/ROS2Curso/ros2_ws/src/install/my_py_pkg/lib/python3.10/site-packages:${PYTHONPATH} /usr/bin/python3 setup.py egg_info --egg-base ../build/my_py_pkg build --build-base /home/debora/ROS2Curso/ros2_ws/src/build/my_py_pkg/build install --record /home/debora/ROS2Curso/ros2_ws/src/build/my_py_pkg/install.log --single-version-externally-managed
[0.961s] running egg_info
[0.973s] writing ../build/my_py_pkg/my_py_pkg.egg-info/PKG-INFO
[0.973s] writing dependency_links to ../build/my_py_pkg/my_py_pkg.egg-info/dependency_links.txt
[0.973s] writing entry points to ../build/my_py_pkg/my_py_pkg.egg-info/entry_points.txt
[0.973s] writing requirements to ../build/my_py_pkg/my_py_pkg.egg-info/requires.txt
[0.974s] writing top-level names to ../build/my_py_pkg/my_py_pkg.egg-info/top_level.txt
[1.000s] reading manifest file '../build/my_py_pkg/my_py_pkg.egg-info/SOURCES.txt'
[1.000s] writing manifest file '../build/my_py_pkg/my_py_pkg.egg-info/SOURCES.txt'
[1.000s] running build
[1.001s] running build_py
[1.001s] copying my_py_pkg/__init__.py -> /home/debora/ROS2Curso/ros2_ws/src/build/my_py_pkg/build/lib/my_py_pkg
[1.001s] copying my_py_pkg/my_first_node.py -> /home/debora/ROS2Curso/ros2_ws/src/build/my_py_pkg/build/lib/my_py_pkg
[1.001s] running install
[1.001s] /home/debora/.local/lib/python3.10/site-packages/setuptools/_distutils/cmd.py:66: SetuptoolsDeprecationWarning: setup.py install is deprecated.
[1.001s] !!
[1.001s] 
[1.001s]         ********************************************************************************
[1.001s]         Please avoid running ``setup.py`` directly.
[1.001s]         Instead, use pypa/build, pypa/installer or other
[1.001s]         standards-based tools.
[1.002s] 
[1.002s]         See https://blog.ganssle.io/articles/2021/10/setup-py-deprecated.html for details.
[1.002s]         ********************************************************************************
[1.002s] 
[1.002s] !!
[1.002s]   self.initialize_options()
[1.006s] running install_lib
[1.019s] running install_data
[1.031s] copying resource/my_py_pkg -> /home/debora/ROS2Curso/ros2_ws/src/install/my_py_pkg/share/ament_index/resource_index/packages
[1.031s] copying package.xml -> /home/debora/ROS2Curso/ros2_ws/src/install/my_py_pkg/share/my_py_pkg
[1.031s] running install_egg_info
[1.045s] removing '/home/debora/ROS2Curso/ros2_ws/src/install/my_py_pkg/lib/python3.10/site-packages/my_py_pkg-0.0.0-py3.10.egg-info' (and everything under it)
[1.045s] Copying ../build/my_py_pkg/my_py_pkg.egg-info to /home/debora/ROS2Curso/ros2_ws/src/install/my_py_pkg/lib/python3.10/site-packages/my_py_pkg-0.0.0-py3.10.egg-info
[1.046s] running install_scripts
[1.165s] Installing py_node script to /home/debora/ROS2Curso/ros2_ws/src/install/my_py_pkg/lib/my_py_pkg
[1.165s] writing list of installed files to '/home/debora/ROS2Curso/ros2_ws/src/build/my_py_pkg/install.log'
[1.195s] Invoked command in '/home/debora/ROS2Curso/ros2_ws/src/my_py_pkg' returned '0': PYTHONPATH=/home/debora/ROS2Curso/ros2_ws/src/build/my_py_pkg/prefix_override:/home/debora/ROS2Curso/ros2_ws/src/install/my_py_pkg/lib/python3.10/site-packages:${PYTHONPATH} /usr/bin/python3 setup.py egg_info --egg-base ../build/my_py_pkg build --build-base /home/debora/ROS2Curso/ros2_ws/src/build/my_py_pkg/build install --record /home/debora/ROS2Curso/ros2_ws/src/build/my_py_pkg/install.log --single-version-externally-managed
