[0.076s] Invoking command in '/home/debora/ros2_ws/build/my_cpp_pkg': CMAKE_PREFIX_PATH=${CMAKE_PREFIX_PATH}:/home/debora/ros2_ws/install/my_py_pkg:/home/debora/ws_moveit2/install/moveit_configs_utils:/home/debora/ws_moveit2/install/launch_param_builder:/opt/ros/humble /usr/bin/cmake --build /home/debora/ros2_ws/build/my_cpp_pkg -- -j4 -l4
[0.124s] [35m[1mConsolidate compiler generated dependencies of target cpp_node[0m
[0.148s] [ 50%] [32mBuilding CXX object CMakeFiles/cpp_node.dir/src/my_first_node.cpp.o[0m
[2.514s] [100%] [32m[1mLinking CXX executable cpp_node[0m
[2.612s] [100%] Built target cpp_node
[2.624s] Invoked command in '/home/debora/ros2_ws/build/my_cpp_pkg' returned '0': CMAKE_PREFIX_PATH=${CMAKE_PREFIX_PATH}:/home/debora/ros2_ws/install/my_py_pkg:/home/debora/ws_moveit2/install/moveit_configs_utils:/home/debora/ws_moveit2/install/launch_param_builder:/opt/ros/humble /usr/bin/cmake --build /home/debora/ros2_ws/build/my_cpp_pkg -- -j4 -l4
[2.670s] Invoking command in '/home/debora/ros2_ws/build/my_cpp_pkg': CMAKE_PREFIX_PATH=${CMAKE_PREFIX_PATH}:/home/debora/ros2_ws/install/my_py_pkg:/home/debora/ws_moveit2/install/moveit_configs_utils:/home/debora/ws_moveit2/install/launch_param_builder:/opt/ros/humble /usr/bin/cmake --install /home/debora/ros2_ws/build/my_cpp_pkg
[2.680s] -- Install configuration: ""
[2.680s] -- Installing: /home/debora/ros2_ws/install/my_cpp_pkg/lib/my_cpp_pkg/cpp_node
[2.681s] -- Set runtime path of "/home/debora/ros2_ws/install/my_cpp_pkg/lib/my_cpp_pkg/cpp_node" to ""
[2.681s] -- Up-to-date: /home/debora/ros2_ws/install/my_cpp_pkg/share/ament_index/resource_index/package_run_dependencies/my_cpp_pkg
[2.681s] -- Up-to-date: /home/debora/ros2_ws/install/my_cpp_pkg/share/ament_index/resource_index/parent_prefix_path/my_cpp_pkg
[2.681s] -- Up-to-date: /home/debora/ros2_ws/install/my_cpp_pkg/share/my_cpp_pkg/environment/ament_prefix_path.sh
[2.681s] -- Installing: /home/debora/ros2_ws/install/my_cpp_pkg/share/my_cpp_pkg/environment/ament_prefix_path.dsv
[2.681s] -- Up-to-date: /home/debora/ros2_ws/install/my_cpp_pkg/share/my_cpp_pkg/environment/path.sh
[2.681s] -- Installing: /home/debora/ros2_ws/install/my_cpp_pkg/share/my_cpp_pkg/environment/path.dsv
[2.681s] -- Up-to-date: /home/debora/ros2_ws/install/my_cpp_pkg/share/my_cpp_pkg/local_setup.bash
[2.682s] -- Up-to-date: /home/debora/ros2_ws/install/my_cpp_pkg/share/my_cpp_pkg/local_setup.sh
[2.682s] -- Up-to-date: /home/debora/ros2_ws/install/my_cpp_pkg/share/my_cpp_pkg/local_setup.zsh
[2.682s] -- Installing: /home/debora/ros2_ws/install/my_cpp_pkg/share/my_cpp_pkg/local_setup.dsv
[2.682s] -- Installing: /home/debora/ros2_ws/install/my_cpp_pkg/share/my_cpp_pkg/package.dsv
[2.682s] -- Up-to-date: /home/debora/ros2_ws/install/my_cpp_pkg/share/ament_index/resource_index/packages/my_cpp_pkg
[2.682s] -- Up-to-date: /home/debora/ros2_ws/install/my_cpp_pkg/share/my_cpp_pkg/cmake/my_cpp_pkgConfig.cmake
[2.682s] -- Up-to-date: /home/debora/ros2_ws/install/my_cpp_pkg/share/my_cpp_pkg/cmake/my_cpp_pkgConfig-version.cmake
[2.682s] -- Up-to-date: /home/debora/ros2_ws/install/my_cpp_pkg/share/my_cpp_pkg/package.xml
[2.684s] Invoked command in '/home/debora/ros2_ws/build/my_cpp_pkg' returned '0': CMAKE_PREFIX_PATH=${CMAKE_PREFIX_PATH}:/home/debora/ros2_ws/install/my_py_pkg:/home/debora/ws_moveit2/install/moveit_configs_utils:/home/debora/ws_moveit2/install/launch_param_builder:/opt/ros/humble /usr/bin/cmake --install /home/debora/ros2_ws/build/my_cpp_pkg
