[0.066s] Invoking command in '/home/debora/ros2_ws/build/my_cpp_pkg': CMAKE_PREFIX_PATH=${CMAKE_PREFIX_PATH}:/home/debora/ros2_ws/install/my_py_pkg:/home/debora/ws_moveit2/install/moveit_configs_utils:/home/debora/ws_moveit2/install/launch_param_builder:/opt/ros/humble /usr/bin/cmake --build /home/debora/ros2_ws/build/my_cpp_pkg -- -j4 -l4
[0.090s] -- Found ament_cmake: 1.3.7 (/opt/ros/humble/share/ament_cmake/cmake)
[0.207s] -- Found rclcpp: 16.0.8 (/opt/ros/humble/share/rclcpp/cmake)
[0.229s] -- Found rosidl_generator_c: 3.1.5 (/opt/ros/humble/share/rosidl_generator_c/cmake)
[0.231s] -- Found rosidl_adapter: 3.1.5 (/opt/ros/humble/share/rosidl_adapter/cmake)
[0.236s] -- Found rosidl_generator_cpp: 3.1.5 (/opt/ros/humble/share/rosidl_generator_cpp/cmake)
[0.250s] -- Using all available rosidl_typesupport_c: rosidl_typesupport_fastrtps_c;rosidl_typesupport_introspection_c
[0.274s] -- Using all available rosidl_typesupport_cpp: rosidl_typesupport_fastrtps_cpp;rosidl_typesupport_introspection_cpp
[0.346s] -- Found rmw_implementation_cmake: 6.1.1 (/opt/ros/humble/share/rmw_implementation_cmake/cmake)
[0.351s] -- Found rmw_fastrtps_cpp: 6.2.6 (/opt/ros/humble/share/rmw_fastrtps_cpp/cmake)
[0.496s] -- Using RMW implementation 'rmw_fastrtps_cpp' as default
[0.745s] -- Configuring done
[0.753s] -- Generating done
[0.755s] -- Build files have been written to: /home/debora/ros2_ws/build/my_cpp_pkg
[0.799s] [35m[1mConsolidate compiler generated dependencies of target cpp_node[0m
[0.823s] [100%] Built target cpp_node
[0.845s] Invoked command in '/home/debora/ros2_ws/build/my_cpp_pkg' returned '0': CMAKE_PREFIX_PATH=${CMAKE_PREFIX_PATH}:/home/debora/ros2_ws/install/my_py_pkg:/home/debora/ws_moveit2/install/moveit_configs_utils:/home/debora/ws_moveit2/install/launch_param_builder:/opt/ros/humble /usr/bin/cmake --build /home/debora/ros2_ws/build/my_cpp_pkg -- -j4 -l4
[0.909s] Invoking command in '/home/debora/ros2_ws/build/my_cpp_pkg': CMAKE_PREFIX_PATH=${CMAKE_PREFIX_PATH}:/home/debora/ros2_ws/install/my_py_pkg:/home/debora/ws_moveit2/install/moveit_configs_utils:/home/debora/ws_moveit2/install/launch_param_builder:/opt/ros/humble /usr/bin/cmake --install /home/debora/ros2_ws/build/my_cpp_pkg
[0.921s] -- Install configuration: ""
[0.921s] -- Installing: /home/debora/ros2_ws/install/my_cpp_pkg/lib/my_cpp_pkg/cpp_node
[0.922s] -- Set runtime path of "/home/debora/ros2_ws/install/my_cpp_pkg/lib/my_cpp_pkg/cpp_node" to ""
[0.922s] -- Up-to-date: /home/debora/ros2_ws/install/my_cpp_pkg/share/ament_index/resource_index/package_run_dependencies/my_cpp_pkg
[0.922s] -- Up-to-date: /home/debora/ros2_ws/install/my_cpp_pkg/share/ament_index/resource_index/parent_prefix_path/my_cpp_pkg
[0.922s] -- Up-to-date: /home/debora/ros2_ws/install/my_cpp_pkg/share/my_cpp_pkg/environment/ament_prefix_path.sh
[0.922s] -- Installing: /home/debora/ros2_ws/install/my_cpp_pkg/share/my_cpp_pkg/environment/ament_prefix_path.dsv
[0.922s] -- Up-to-date: /home/debora/ros2_ws/install/my_cpp_pkg/share/my_cpp_pkg/environment/path.sh
[0.922s] -- Installing: /home/debora/ros2_ws/install/my_cpp_pkg/share/my_cpp_pkg/environment/path.dsv
[0.923s] -- Up-to-date: /home/debora/ros2_ws/install/my_cpp_pkg/share/my_cpp_pkg/local_setup.bash
[0.923s] -- Up-to-date: /home/debora/ros2_ws/install/my_cpp_pkg/share/my_cpp_pkg/local_setup.sh
[0.923s] -- Up-to-date: /home/debora/ros2_ws/install/my_cpp_pkg/share/my_cpp_pkg/local_setup.zsh
[0.923s] -- Installing: /home/debora/ros2_ws/install/my_cpp_pkg/share/my_cpp_pkg/local_setup.dsv
[0.923s] -- Installing: /home/debora/ros2_ws/install/my_cpp_pkg/share/my_cpp_pkg/package.dsv
[0.923s] -- Up-to-date: /home/debora/ros2_ws/install/my_cpp_pkg/share/ament_index/resource_index/packages/my_cpp_pkg
[0.923s] -- Up-to-date: /home/debora/ros2_ws/install/my_cpp_pkg/share/my_cpp_pkg/cmake/my_cpp_pkgConfig.cmake
[0.923s] -- Up-to-date: /home/debora/ros2_ws/install/my_cpp_pkg/share/my_cpp_pkg/cmake/my_cpp_pkgConfig-version.cmake
[0.923s] -- Up-to-date: /home/debora/ros2_ws/install/my_cpp_pkg/share/my_cpp_pkg/package.xml
[0.926s] Invoked command in '/home/debora/ros2_ws/build/my_cpp_pkg' returned '0': CMAKE_PREFIX_PATH=${CMAKE_PREFIX_PATH}:/home/debora/ros2_ws/install/my_py_pkg:/home/debora/ws_moveit2/install/moveit_configs_utils:/home/debora/ws_moveit2/install/launch_param_builder:/opt/ros/humble /usr/bin/cmake --install /home/debora/ros2_ws/build/my_cpp_pkg
