[0.711s] Invoking command in '/home/debora/ros2_ws/src/my_py_pkg': PYTHONPATH=/home/debora/ros2_ws/build/my_py_pkg/prefix_override:/home/debora/ros2_ws/install/my_py_pkg/lib/python3.10/site-packages:${PYTHONPATH} /usr/bin/python3 setup.py egg_info --egg-base ../../build/my_py_pkg build --build-base /home/debora/ros2_ws/build/my_py_pkg/build install --record /home/debora/ros2_ws/build/my_py_pkg/install.log --single-version-externally-managed
[0.906s] running egg_info
[0.907s] writing ../../build/my_py_pkg/my_py_pkg.egg-info/PKG-INFO
[0.907s] writing dependency_links to ../../build/my_py_pkg/my_py_pkg.egg-info/dependency_links.txt
[0.907s] writing entry points to ../../build/my_py_pkg/my_py_pkg.egg-info/entry_points.txt
[0.907s] writing requirements to ../../build/my_py_pkg/my_py_pkg.egg-info/requires.txt
[0.907s] writing top-level names to ../../build/my_py_pkg/my_py_pkg.egg-info/top_level.txt
[0.908s] reading manifest file '../../build/my_py_pkg/my_py_pkg.egg-info/SOURCES.txt'
[0.909s] writing manifest file '../../build/my_py_pkg/my_py_pkg.egg-info/SOURCES.txt'
[0.909s] running build
[0.909s] running build_py
[0.909s] running install
[0.909s] running install_lib
[0.910s] running install_data
[0.911s] running install_egg_info
[0.912s] removing '/home/debora/ros2_ws/install/my_py_pkg/lib/python3.10/site-packages/my_py_pkg-0.0.0-py3.10.egg-info' (and everything under it)
[0.912s] Copying ../../build/my_py_pkg/my_py_pkg.egg-info to /home/debora/ros2_ws/install/my_py_pkg/lib/python3.10/site-packages/my_py_pkg-0.0.0-py3.10.egg-info
[0.913s] running install_scripts
[0.930s] writing list of installed files to '/home/debora/ros2_ws/build/my_py_pkg/install.log'
[0.960s] Invoked command in '/home/debora/ros2_ws/src/my_py_pkg' returned '0': PYTHONPATH=/home/debora/ros2_ws/build/my_py_pkg/prefix_override:/home/debora/ros2_ws/install/my_py_pkg/lib/python3.10/site-packages:${PYTHONPATH} /usr/bin/python3 setup.py egg_info --egg-base ../../build/my_py_pkg build --build-base /home/debora/ros2_ws/build/my_py_pkg/build install --record /home/debora/ros2_ws/build/my_py_pkg/install.log --single-version-externally-managed
