[0.923s] DEBUG:colcon:Command line arguments: ['/usr/bin/colcon', 'build', '--packages-select', 'my_cpp_pkg']
[0.923s] DEBUG:colcon:Parsed command line arguments: Namespace(log_base=None, log_level=None, verb_name='build', build_base='build', install_base='install', merge_install=False, symlink_install=False, test_result_base=None, continue_on_error=False, executor='parallel', parallel_workers=4, event_handlers=None, ignore_user_meta=False, metas=['./colcon.meta'], base_paths=['.'], packages_ignore=None, packages_ignore_regex=None, paths=None, packages_up_to=None, packages_up_to_regex=None, packages_above=None, packages_above_and_dependencies=None, packages_above_depth=None, packages_select_by_dep=None, packages_skip_by_dep=None, packages_skip_up_to=None, packages_select_build_failed=False, packages_skip_build_finished=False, packages_select_test_failures=False, packages_skip_test_passed=False, packages_select=['my_cpp_pkg'], packages_skip=None, packages_select_regex=None, packages_skip_regex=None, packages_start=None, packages_end=None, allow_overriding=[], cmake_args=None, cmake_target=None, cmake_target_skip_unavailable=False, cmake_clean_cache=False, cmake_clean_first=False, cmake_force_configure=False, ament_cmake_args=None, catkin_cmake_args=None, catkin_skip_building_tests=False, mixin_files=None, mixin=None, verb_parser=<colcon_mixin.mixin.mixin_argument.MixinArgumentDecorator object at 0x7fb7bc19e590>, verb_extension=<colcon_core.verb.build.BuildVerb object at 0x7fb7bc4507f0>, main=<bound method BuildVerb.main of <colcon_core.verb.build.BuildVerb object at 0x7fb7bc4507f0>>, mixin_verb=('build',))
[0.963s] Level 1:colcon.colcon_core.package_discovery:discover_packages(colcon_meta) check parameters
[0.963s] Level 1:colcon.colcon_core.package_discovery:discover_packages(recursive) check parameters
[0.963s] Level 1:colcon.colcon_core.package_discovery:discover_packages(ignore) check parameters
[0.963s] Level 1:colcon.colcon_core.package_discovery:discover_packages(path) check parameters
[0.963s] Level 1:colcon.colcon_core.package_discovery:discover_packages(colcon_meta) discover
[0.963s] Level 1:colcon.colcon_core.package_discovery:discover_packages(recursive) discover
[0.963s] INFO:colcon.colcon_core.package_discovery:Crawling recursively for packages in '/home/debora/ros2_ws'
[0.963s] Level 1:colcon.colcon_core.package_identification:_identify(.) by extensions ['ignore', 'ignore_ament_install']
[0.963s] Level 1:colcon.colcon_core.package_identification:_identify(.) by extension 'ignore'
[0.963s] Level 1:colcon.colcon_core.package_identification:_identify(.) by extension 'ignore_ament_install'
[0.963s] Level 1:colcon.colcon_core.package_identification:_identify(.) by extensions ['colcon_pkg']
[0.963s] Level 1:colcon.colcon_core.package_identification:_identify(.) by extension 'colcon_pkg'
[0.964s] Level 1:colcon.colcon_core.package_identification:_identify(.) by extensions ['colcon_meta']
[0.964s] Level 1:colcon.colcon_core.package_identification:_identify(.) by extension 'colcon_meta'
[0.964s] Level 1:colcon.colcon_core.package_identification:_identify(.) by extensions ['ros']
[0.964s] Level 1:colcon.colcon_core.package_identification:_identify(.) by extension 'ros'
[0.971s] Level 1:colcon.colcon_core.package_identification:_identify(.) by extensions ['cmake', 'python']
[0.971s] Level 1:colcon.colcon_core.package_identification:_identify(.) by extension 'cmake'
[0.972s] Level 1:colcon.colcon_core.package_identification:_identify(.) by extension 'python'
[0.972s] Level 1:colcon.colcon_core.package_identification:_identify(.) by extensions ['python_setup_py']
[0.972s] Level 1:colcon.colcon_core.package_identification:_identify(.) by extension 'python_setup_py'
[0.972s] Level 1:colcon.colcon_core.package_identification:_identify(build) by extensions ['ignore', 'ignore_ament_install']
[0.972s] Level 1:colcon.colcon_core.package_identification:_identify(build) by extension 'ignore'
[0.972s] Level 1:colcon.colcon_core.package_identification:_identify(build) ignored
[0.972s] Level 1:colcon.colcon_core.package_identification:_identify(install) by extensions ['ignore', 'ignore_ament_install']
[0.972s] Level 1:colcon.colcon_core.package_identification:_identify(install) by extension 'ignore'
[0.972s] Level 1:colcon.colcon_core.package_identification:_identify(install) ignored
[0.972s] Level 1:colcon.colcon_core.package_identification:_identify(log) by extensions ['ignore', 'ignore_ament_install']
[0.972s] Level 1:colcon.colcon_core.package_identification:_identify(log) by extension 'ignore'
[0.972s] Level 1:colcon.colcon_core.package_identification:_identify(log) ignored
[0.972s] Level 1:colcon.colcon_core.package_identification:_identify(src) by extensions ['ignore', 'ignore_ament_install']
[0.972s] Level 1:colcon.colcon_core.package_identification:_identify(src) by extension 'ignore'
[0.972s] Level 1:colcon.colcon_core.package_identification:_identify(src) by extension 'ignore_ament_install'
[0.972s] Level 1:colcon.colcon_core.package_identification:_identify(src) by extensions ['colcon_pkg']
[0.972s] Level 1:colcon.colcon_core.package_identification:_identify(src) by extension 'colcon_pkg'
[0.972s] Level 1:colcon.colcon_core.package_identification:_identify(src) by extensions ['colcon_meta']
[0.973s] Level 1:colcon.colcon_core.package_identification:_identify(src) by extension 'colcon_meta'
[0.973s] Level 1:colcon.colcon_core.package_identification:_identify(src) by extensions ['ros']
[0.973s] Level 1:colcon.colcon_core.package_identification:_identify(src) by extension 'ros'
[0.973s] Level 1:colcon.colcon_core.package_identification:_identify(src) by extensions ['cmake', 'python']
[0.973s] Level 1:colcon.colcon_core.package_identification:_identify(src) by extension 'cmake'
[0.973s] Level 1:colcon.colcon_core.package_identification:_identify(src) by extension 'python'
[0.973s] Level 1:colcon.colcon_core.package_identification:_identify(src) by extensions ['python_setup_py']
[0.973s] Level 1:colcon.colcon_core.package_identification:_identify(src) by extension 'python_setup_py'
[0.973s] Level 1:colcon.colcon_core.package_identification:_identify(src/my_cpp_pkg) by extensions ['ignore', 'ignore_ament_install']
[0.973s] Level 1:colcon.colcon_core.package_identification:_identify(src/my_cpp_pkg) by extension 'ignore'
[0.973s] Level 1:colcon.colcon_core.package_identification:_identify(src/my_cpp_pkg) by extension 'ignore_ament_install'
[0.973s] Level 1:colcon.colcon_core.package_identification:_identify(src/my_cpp_pkg) by extensions ['colcon_pkg']
[0.973s] Level 1:colcon.colcon_core.package_identification:_identify(src/my_cpp_pkg) by extension 'colcon_pkg'
[0.973s] Level 1:colcon.colcon_core.package_identification:_identify(src/my_cpp_pkg) by extensions ['colcon_meta']
[0.973s] Level 1:colcon.colcon_core.package_identification:_identify(src/my_cpp_pkg) by extension 'colcon_meta'
[0.973s] Level 1:colcon.colcon_core.package_identification:_identify(src/my_cpp_pkg) by extensions ['ros']
[0.973s] Level 1:colcon.colcon_core.package_identification:_identify(src/my_cpp_pkg) by extension 'ros'
[0.975s] DEBUG:colcon.colcon_core.package_identification:Package 'src/my_cpp_pkg' with type 'ros.ament_cmake' and name 'my_cpp_pkg'
[0.976s] Level 1:colcon.colcon_core.package_identification:_identify(src/my_py_pkg) by extensions ['ignore', 'ignore_ament_install']
[0.976s] Level 1:colcon.colcon_core.package_identification:_identify(src/my_py_pkg) by extension 'ignore'
[0.976s] Level 1:colcon.colcon_core.package_identification:_identify(src/my_py_pkg) by extension 'ignore_ament_install'
[0.976s] Level 1:colcon.colcon_core.package_identification:_identify(src/my_py_pkg) by extensions ['colcon_pkg']
[0.976s] Level 1:colcon.colcon_core.package_identification:_identify(src/my_py_pkg) by extension 'colcon_pkg'
[0.976s] Level 1:colcon.colcon_core.package_identification:_identify(src/my_py_pkg) by extensions ['colcon_meta']
[0.976s] Level 1:colcon.colcon_core.package_identification:_identify(src/my_py_pkg) by extension 'colcon_meta'
[0.976s] Level 1:colcon.colcon_core.package_identification:_identify(src/my_py_pkg) by extensions ['ros']
[0.976s] Level 1:colcon.colcon_core.package_identification:_identify(src/my_py_pkg) by extension 'ros'
[0.976s] DEBUG:colcon.colcon_core.package_identification:Package 'src/my_py_pkg' with type 'ros.ament_python' and name 'my_py_pkg'
[0.976s] Level 1:colcon.colcon_core.package_discovery:discover_packages(recursive) using defaults
[0.976s] Level 1:colcon.colcon_core.package_discovery:discover_packages(ignore) discover
[0.976s] Level 1:colcon.colcon_core.package_discovery:discover_packages(ignore) using defaults
[0.976s] Level 1:colcon.colcon_core.package_discovery:discover_packages(path) discover
[0.976s] Level 1:colcon.colcon_core.package_discovery:discover_packages(path) using defaults
[1.019s] INFO:colcon.colcon_core.package_selection:Skipping not selected package 'my_py_pkg' in 'src/my_py_pkg'
[1.039s] Level 1:colcon.colcon_core.package_discovery:discover_packages(prefix_path) check parameters
[1.040s] Level 1:colcon.colcon_core.package_discovery:discover_packages(prefix_path) discover
[1.061s] DEBUG:colcon.colcon_installed_package_information.package_discovery:Found 2 installed packages in /home/debora/ros2_ws/install
[1.073s] DEBUG:colcon.colcon_installed_package_information.package_discovery:Found 55 installed packages in /home/debora/ws_moveit2/install
[1.085s] DEBUG:colcon.colcon_installed_package_information.package_discovery:Found 340 installed packages in /opt/ros/humble
[1.087s] Level 1:colcon.colcon_core.package_discovery:discover_packages(prefix_path) using defaults
[1.157s] Level 5:colcon.colcon_core.verb:set package 'my_cpp_pkg' build argument 'cmake_args' from command line to 'None'
[1.157s] Level 5:colcon.colcon_core.verb:set package 'my_cpp_pkg' build argument 'cmake_target' from command line to 'None'
[1.157s] Level 5:colcon.colcon_core.verb:set package 'my_cpp_pkg' build argument 'cmake_target_skip_unavailable' from command line to 'False'
[1.157s] Level 5:colcon.colcon_core.verb:set package 'my_cpp_pkg' build argument 'cmake_clean_cache' from command line to 'False'
[1.157s] Level 5:colcon.colcon_core.verb:set package 'my_cpp_pkg' build argument 'cmake_clean_first' from command line to 'False'
[1.157s] Level 5:colcon.colcon_core.verb:set package 'my_cpp_pkg' build argument 'cmake_force_configure' from command line to 'False'
[1.157s] Level 5:colcon.colcon_core.verb:set package 'my_cpp_pkg' build argument 'ament_cmake_args' from command line to 'None'
[1.157s] Level 5:colcon.colcon_core.verb:set package 'my_cpp_pkg' build argument 'catkin_cmake_args' from command line to 'None'
[1.157s] Level 5:colcon.colcon_core.verb:set package 'my_cpp_pkg' build argument 'catkin_skip_building_tests' from command line to 'False'
[1.157s] DEBUG:colcon.colcon_core.verb:Building package 'my_cpp_pkg' with the following arguments: {'ament_cmake_args': None, 'build_base': '/home/debora/ros2_ws/build/my_cpp_pkg', 'catkin_cmake_args': None, 'catkin_skip_building_tests': False, 'cmake_args': None, 'cmake_clean_cache': False, 'cmake_clean_first': False, 'cmake_force_configure': False, 'cmake_target': None, 'cmake_target_skip_unavailable': False, 'install_base': '/home/debora/ros2_ws/install/my_cpp_pkg', 'merge_install': False, 'path': '/home/debora/ros2_ws/src/my_cpp_pkg', 'symlink_install': False, 'test_result_base': None}
[1.170s] INFO:colcon.colcon_core.executor:Executing jobs using 'parallel' executor
[1.182s] DEBUG:colcon.colcon_parallel_executor.executor.parallel:run_until_complete
[1.182s] INFO:colcon.colcon_ros.task.ament_cmake.build:Building ROS package in '/home/debora/ros2_ws/src/my_cpp_pkg' with build type 'ament_cmake'
[1.182s] INFO:colcon.colcon_cmake.task.cmake.build:Building CMake package in '/home/debora/ros2_ws/src/my_cpp_pkg'
[1.196s] INFO:colcon.colcon_core.plugin_system:Skipping extension 'colcon_core.shell.bat': Not used on non-Windows systems
[1.196s] INFO:colcon.colcon_core.shell:Skip shell extension 'powershell' for command environment: Not usable outside of PowerShell
[1.196s] DEBUG:colcon.colcon_core.shell:Skip shell extension 'dsv' for command environment
[1.275s] DEBUG:colcon.colcon_core.event_handler.log_command:Invoking command in '/home/debora/ros2_ws/build/my_cpp_pkg': CMAKE_PREFIX_PATH=${CMAKE_PREFIX_PATH}:/home/debora/ros2_ws/install/my_py_pkg:/home/debora/ws_moveit2/install/moveit_configs_utils:/home/debora/ws_moveit2/install/launch_param_builder:/opt/ros/humble /usr/bin/cmake --build /home/debora/ros2_ws/build/my_cpp_pkg -- -j4 -l4
[3.758s] DEBUG:colcon.colcon_core.event_handler.log_command:Invoked command in '/home/debora/ros2_ws/build/my_cpp_pkg' returned '0': CMAKE_PREFIX_PATH=${CMAKE_PREFIX_PATH}:/home/debora/ros2_ws/install/my_py_pkg:/home/debora/ws_moveit2/install/moveit_configs_utils:/home/debora/ws_moveit2/install/launch_param_builder:/opt/ros/humble /usr/bin/cmake --build /home/debora/ros2_ws/build/my_cpp_pkg -- -j4 -l4
[3.806s] DEBUG:colcon.colcon_core.event_handler.log_command:Invoking command in '/home/debora/ros2_ws/build/my_cpp_pkg': CMAKE_PREFIX_PATH=${CMAKE_PREFIX_PATH}:/home/debora/ros2_ws/install/my_py_pkg:/home/debora/ws_moveit2/install/moveit_configs_utils:/home/debora/ws_moveit2/install/launch_param_builder:/opt/ros/humble /usr/bin/cmake --install /home/debora/ros2_ws/build/my_cpp_pkg
[3.818s] Level 1:colcon.colcon_core.environment:create_environment_scripts_only(my_cpp_pkg)
[3.819s] DEBUG:colcon.colcon_core.event_handler.log_command:Invoked command in '/home/debora/ros2_ws/build/my_cpp_pkg' returned '0': CMAKE_PREFIX_PATH=${CMAKE_PREFIX_PATH}:/home/debora/ros2_ws/install/my_py_pkg:/home/debora/ws_moveit2/install/moveit_configs_utils:/home/debora/ws_moveit2/install/launch_param_builder:/opt/ros/humble /usr/bin/cmake --install /home/debora/ros2_ws/build/my_cpp_pkg
[3.831s] Level 1:colcon.colcon_core.environment:checking '/home/debora/ros2_ws/install/my_cpp_pkg' for CMake module files
[3.831s] Level 1:colcon.colcon_core.environment:checking '/home/debora/ros2_ws/install/my_cpp_pkg' for CMake config files
[3.831s] Level 1:colcon.colcon_core.shell:create_environment_hook('my_cpp_pkg', 'cmake_prefix_path')
[3.842s] INFO:colcon.colcon_core.shell:Creating environment hook '/home/debora/ros2_ws/install/my_cpp_pkg/share/my_cpp_pkg/hook/cmake_prefix_path.ps1'
[3.842s] INFO:colcon.colcon_core.shell:Creating environment descriptor '/home/debora/ros2_ws/install/my_cpp_pkg/share/my_cpp_pkg/hook/cmake_prefix_path.dsv'
[3.843s] INFO:colcon.colcon_core.shell:Creating environment hook '/home/debora/ros2_ws/install/my_cpp_pkg/share/my_cpp_pkg/hook/cmake_prefix_path.sh'
[3.843s] Level 1:colcon.colcon_core.environment:checking '/home/debora/ros2_ws/install/my_cpp_pkg/lib'
[3.843s] Level 1:colcon.colcon_core.environment:checking '/home/debora/ros2_ws/install/my_cpp_pkg/bin'
[3.843s] Level 1:colcon.colcon_core.environment:checking '/home/debora/ros2_ws/install/my_cpp_pkg/lib/pkgconfig/my_cpp_pkg.pc'
[3.844s] Level 1:colcon.colcon_core.environment:checking '/home/debora/ros2_ws/install/my_cpp_pkg/lib/python3.10/site-packages'
[3.844s] Level 1:colcon.colcon_core.environment:checking '/home/debora/ros2_ws/install/my_cpp_pkg/bin'
[3.854s] INFO:colcon.colcon_core.shell:Creating package script '/home/debora/ros2_ws/install/my_cpp_pkg/share/my_cpp_pkg/package.ps1'
[3.855s] INFO:colcon.colcon_core.shell:Creating package descriptor '/home/debora/ros2_ws/install/my_cpp_pkg/share/my_cpp_pkg/package.dsv'
[3.855s] INFO:colcon.colcon_core.shell:Creating package script '/home/debora/ros2_ws/install/my_cpp_pkg/share/my_cpp_pkg/package.sh'
[3.856s] INFO:colcon.colcon_core.shell:Creating package script '/home/debora/ros2_ws/install/my_cpp_pkg/share/my_cpp_pkg/package.bash'
[3.856s] INFO:colcon.colcon_core.shell:Creating package script '/home/debora/ros2_ws/install/my_cpp_pkg/share/my_cpp_pkg/package.zsh'
[3.857s] Level 1:colcon.colcon_core.environment:create_file_with_runtime_dependencies(/home/debora/ros2_ws/install/my_cpp_pkg/share/colcon-core/packages/my_cpp_pkg)
[3.902s] Level 1:colcon.colcon_core.environment:create_environment_scripts_only(my_cpp_pkg)
[3.912s] Level 1:colcon.colcon_core.environment:checking '/home/debora/ros2_ws/install/my_cpp_pkg' for CMake module files
[3.912s] Level 1:colcon.colcon_core.environment:checking '/home/debora/ros2_ws/install/my_cpp_pkg' for CMake config files
[3.912s] Level 1:colcon.colcon_core.shell:create_environment_hook('my_cpp_pkg', 'cmake_prefix_path')
[3.923s] INFO:colcon.colcon_core.shell:Creating environment hook '/home/debora/ros2_ws/install/my_cpp_pkg/share/my_cpp_pkg/hook/cmake_prefix_path.ps1'
[3.923s] INFO:colcon.colcon_core.shell:Creating environment descriptor '/home/debora/ros2_ws/install/my_cpp_pkg/share/my_cpp_pkg/hook/cmake_prefix_path.dsv'
[3.923s] INFO:colcon.colcon_core.shell:Creating environment hook '/home/debora/ros2_ws/install/my_cpp_pkg/share/my_cpp_pkg/hook/cmake_prefix_path.sh'
[3.924s] Level 1:colcon.colcon_core.environment:checking '/home/debora/ros2_ws/install/my_cpp_pkg/lib'
[3.924s] Level 1:colcon.colcon_core.environment:checking '/home/debora/ros2_ws/install/my_cpp_pkg/bin'
[3.924s] Level 1:colcon.colcon_core.environment:checking '/home/debora/ros2_ws/install/my_cpp_pkg/lib/pkgconfig/my_cpp_pkg.pc'
[3.924s] Level 1:colcon.colcon_core.environment:checking '/home/debora/ros2_ws/install/my_cpp_pkg/lib/python3.10/site-packages'
[3.924s] Level 1:colcon.colcon_core.environment:checking '/home/debora/ros2_ws/install/my_cpp_pkg/bin'
[3.934s] INFO:colcon.colcon_core.shell:Creating package script '/home/debora/ros2_ws/install/my_cpp_pkg/share/my_cpp_pkg/package.ps1'
[3.934s] INFO:colcon.colcon_core.shell:Creating package descriptor '/home/debora/ros2_ws/install/my_cpp_pkg/share/my_cpp_pkg/package.dsv'
[3.935s] INFO:colcon.colcon_core.shell:Creating package script '/home/debora/ros2_ws/install/my_cpp_pkg/share/my_cpp_pkg/package.sh'
[3.935s] INFO:colcon.colcon_core.shell:Creating package script '/home/debora/ros2_ws/install/my_cpp_pkg/share/my_cpp_pkg/package.bash'
[3.935s] INFO:colcon.colcon_core.shell:Creating package script '/home/debora/ros2_ws/install/my_cpp_pkg/share/my_cpp_pkg/package.zsh'
[3.936s] Level 1:colcon.colcon_core.environment:create_file_with_runtime_dependencies(/home/debora/ros2_ws/install/my_cpp_pkg/share/colcon-core/packages/my_cpp_pkg)
[3.936s] DEBUG:colcon.colcon_parallel_executor.executor.parallel:closing loop
[3.936s] DEBUG:colcon.colcon_parallel_executor.executor.parallel:loop closed
[3.936s] DEBUG:colcon.colcon_parallel_executor.executor.parallel:run_until_complete finished with '0'
[3.936s] DEBUG:colcon.colcon_core.event_reactor:joining thread
[3.951s] INFO:colcon.colcon_core.plugin_system:Skipping extension 'colcon_notification.desktop_notification.terminal_notifier': Not used on non-Darwin systems
[3.951s] INFO:colcon.colcon_core.plugin_system:Skipping extension 'colcon_notification.desktop_notification.win32': Not used on non-Windows systems
[3.951s] INFO:colcon.colcon_notification.desktop_notification:Sending desktop notification using 'notify2'
[3.963s] DEBUG:colcon.colcon_core.event_reactor:joined thread
[3.980s] INFO:colcon.colcon_core.shell:Creating prefix script '/home/debora/ros2_ws/install/local_setup.ps1'
[3.981s] INFO:colcon.colcon_core.shell:Creating prefix util module '/home/debora/ros2_ws/install/_local_setup_util_ps1.py'
[3.982s] INFO:colcon.colcon_core.shell:Creating prefix chain script '/home/debora/ros2_ws/install/setup.ps1'
[3.996s] INFO:colcon.colcon_core.shell:Creating prefix script '/home/debora/ros2_ws/install/local_setup.sh'
[3.997s] INFO:colcon.colcon_core.shell:Creating prefix util module '/home/debora/ros2_ws/install/_local_setup_util_sh.py'
[3.997s] INFO:colcon.colcon_core.shell:Creating prefix chain script '/home/debora/ros2_ws/install/setup.sh'
[4.009s] INFO:colcon.colcon_core.shell:Creating prefix script '/home/debora/ros2_ws/install/local_setup.bash'
[4.010s] INFO:colcon.colcon_core.shell:Creating prefix chain script '/home/debora/ros2_ws/install/setup.bash'
[4.022s] INFO:colcon.colcon_core.shell:Creating prefix script '/home/debora/ros2_ws/install/local_setup.zsh'
[4.022s] INFO:colcon.colcon_core.shell:Creating prefix chain script '/home/debora/ros2_ws/install/setup.zsh'
