[0.690s] Invoking command in '/home/debora/ros2_ws/src/my_py_pkg': PYTHONPATH=/home/debora/ros2_ws/build/my_py_pkg/prefix_override:/home/debora/ros2_ws/install/my_py_pkg/lib/python3.10/site-packages:${PYTHONPATH} /usr/bin/python3 setup.py egg_info --egg-base ../../build/my_py_pkg build --build-base /home/debora/ros2_ws/build/my_py_pkg/build install --record /home/debora/ros2_ws/build/my_py_pkg/install.log --single-version-externally-managed
[0.888s] running egg_info
[0.888s] writing ../../build/my_py_pkg/my_py_pkg.egg-info/PKG-INFO
[0.889s] writing dependency_links to ../../build/my_py_pkg/my_py_pkg.egg-info/dependency_links.txt
[0.889s] writing entry points to ../../build/my_py_pkg/my_py_pkg.egg-info/entry_points.txt
[0.889s] writing requirements to ../../build/my_py_pkg/my_py_pkg.egg-info/requires.txt
[0.889s] writing top-level names to ../../build/my_py_pkg/my_py_pkg.egg-info/top_level.txt
[0.891s] reading manifest file '../../build/my_py_pkg/my_py_pkg.egg-info/SOURCES.txt'
[0.891s] writing manifest file '../../build/my_py_pkg/my_py_pkg.egg-info/SOURCES.txt'
[0.891s] running build
[0.892s] running build_py
[0.892s] copying my_py_pkg/my_first_node.py -> /home/debora/ros2_ws/build/my_py_pkg/build/lib/my_py_pkg
[0.892s] running install
[0.892s] running install_lib
[0.893s] copying /home/debora/ros2_ws/build/my_py_pkg/build/lib/my_py_pkg/my_first_node.py -> /home/debora/ros2_ws/install/my_py_pkg/lib/python3.10/site-packages/my_py_pkg
[0.894s] byte-compiling /home/debora/ros2_ws/install/my_py_pkg/lib/python3.10/site-packages/my_py_pkg/my_first_node.py to my_first_node.cpython-310.pyc
[0.894s] running install_data
[0.895s] running install_egg_info
[0.896s] removing '/home/debora/ros2_ws/install/my_py_pkg/lib/python3.10/site-packages/my_py_pkg-0.0.0-py3.10.egg-info' (and everything under it)
[0.902s] Copying ../../build/my_py_pkg/my_py_pkg.egg-info to /home/debora/ros2_ws/install/my_py_pkg/lib/python3.10/site-packages/my_py_pkg-0.0.0-py3.10.egg-info
[0.903s] running install_scripts
[0.921s] Installing py_node script to /home/debora/ros2_ws/install/my_py_pkg/lib/my_py_pkg
[0.921s] writing list of installed files to '/home/debora/ros2_ws/build/my_py_pkg/install.log'
[0.946s] Invoked command in '/home/debora/ros2_ws/src/my_py_pkg' returned '0': PYTHONPATH=/home/debora/ros2_ws/build/my_py_pkg/prefix_override:/home/debora/ros2_ws/install/my_py_pkg/lib/python3.10/site-packages:${PYTHONPATH} /usr/bin/python3 setup.py egg_info --egg-base ../../build/my_py_pkg build --build-base /home/debora/ros2_ws/build/my_py_pkg/build install --record /home/debora/ros2_ws/build/my_py_pkg/install.log --single-version-externally-managed
