[0.768s] Invoking command in '/home/debora/ROS2Curso/ros2_ws/src/my_py_pkg': PYTHONPATH=/home/debora/ROS2Curso/ros2_ws/build/my_py_pkg/prefix_override:/home/debora/ROS2Curso/ros2_ws/install/my_py_pkg/lib/python3.10/site-packages:${PYTHONPATH} /usr/bin/python3 setup.py egg_info --egg-base ../../build/my_py_pkg build --build-base /home/debora/ROS2Curso/ros2_ws/build/my_py_pkg/build install --record /home/debora/ROS2Curso/ros2_ws/build/my_py_pkg/install.log --single-version-externally-managed
[0.938s] running egg_info
[0.951s] writing ../../build/my_py_pkg/my_py_pkg.egg-info/PKG-INFO
[0.952s] writing dependency_links to ../../build/my_py_pkg/my_py_pkg.egg-info/dependency_links.txt
[0.952s] writing entry points to ../../build/my_py_pkg/my_py_pkg.egg-info/entry_points.txt
[0.952s] writing requirements to ../../build/my_py_pkg/my_py_pkg.egg-info/requires.txt
[0.952s] writing top-level names to ../../build/my_py_pkg/my_py_pkg.egg-info/top_level.txt
[0.977s] reading manifest file '../../build/my_py_pkg/my_py_pkg.egg-info/SOURCES.txt'
[0.978s] writing manifest file '../../build/my_py_pkg/my_py_pkg.egg-info/SOURCES.txt'
[0.978s] running build
[0.978s] running build_py
[0.978s] copying my_py_pkg/__init__.py -> /home/debora/ROS2Curso/ros2_ws/build/my_py_pkg/build/lib/my_py_pkg
[0.978s] copying my_py_pkg/my_first_node.py -> /home/debora/ROS2Curso/ros2_ws/build/my_py_pkg/build/lib/my_py_pkg
[0.979s] running install
[0.979s] /home/debora/.local/lib/python3.10/site-packages/setuptools/_distutils/cmd.py:66: SetuptoolsDeprecationWarning: setup.py install is deprecated.
[0.979s] !!
[0.979s] 
[0.979s]         ********************************************************************************
[0.979s]         Please avoid running ``setup.py`` directly.
[0.979s]         Instead, use pypa/build, pypa/installer or other
[0.979s]         standards-based tools.
[0.979s] 
[0.979s]         See https://blog.ganssle.io/articles/2021/10/setup-py-deprecated.html for details.
[0.979s]         ********************************************************************************
[0.979s] 
[0.979s] !!
[0.979s]   self.initialize_options()
[0.983s] running install_lib
[0.995s] running install_data
[1.008s] copying resource/my_py_pkg -> /home/debora/ROS2Curso/ros2_ws/install/my_py_pkg/share/ament_index/resource_index/packages
[1.008s] copying package.xml -> /home/debora/ROS2Curso/ros2_ws/install/my_py_pkg/share/my_py_pkg
[1.008s] running install_egg_info
[1.020s] removing '/home/debora/ROS2Curso/ros2_ws/install/my_py_pkg/lib/python3.10/site-packages/my_py_pkg-0.0.0-py3.10.egg-info' (and everything under it)
[1.020s] Copying ../../build/my_py_pkg/my_py_pkg.egg-info to /home/debora/ROS2Curso/ros2_ws/install/my_py_pkg/lib/python3.10/site-packages/my_py_pkg-0.0.0-py3.10.egg-info
[1.021s] running install_scripts
[1.129s] Installing py_node script to /home/debora/ROS2Curso/ros2_ws/install/my_py_pkg/lib/my_py_pkg
[1.129s] writing list of installed files to '/home/debora/ROS2Curso/ros2_ws/build/my_py_pkg/install.log'
[1.157s] Invoked command in '/home/debora/ROS2Curso/ros2_ws/src/my_py_pkg' returned '0': PYTHONPATH=/home/debora/ROS2Curso/ros2_ws/build/my_py_pkg/prefix_override:/home/debora/ROS2Curso/ros2_ws/install/my_py_pkg/lib/python3.10/site-packages:${PYTHONPATH} /usr/bin/python3 setup.py egg_info --egg-base ../../build/my_py_pkg build --build-base /home/debora/ROS2Curso/ros2_ws/build/my_py_pkg/build install --record /home/debora/ROS2Curso/ros2_ws/build/my_py_pkg/install.log --single-version-externally-managed
