[0.975s] DEBUG:colcon:Command line arguments: ['/usr/bin/colcon', 'build']
[0.975s] DEBUG:colcon:Parsed command line arguments: Namespace(log_base=None, log_level=None, verb_name='build', build_base='build', install_base='install', merge_install=False, symlink_install=False, test_result_base=None, continue_on_error=False, executor='parallel', parallel_workers=4, event_handlers=None, ignore_user_meta=False, metas=['./colcon.meta'], base_paths=['.'], packages_ignore=None, packages_ignore_regex=None, paths=None, packages_up_to=None, packages_up_to_regex=None, packages_above=None, packages_above_and_dependencies=None, packages_above_depth=None, packages_select_by_dep=None, packages_skip_by_dep=None, packages_skip_up_to=None, packages_select_build_failed=False, packages_skip_build_finished=False, packages_select_test_failures=False, packages_skip_test_passed=False, packages_select=None, packages_skip=None, packages_select_regex=None, packages_skip_regex=None, packages_start=None, packages_end=None, allow_overriding=[], cmake_args=None, cmake_target=None, cmake_target_skip_unavailable=False, cmake_clean_cache=False, cmake_clean_first=False, cmake_force_configure=False, ament_cmake_args=None, catkin_cmake_args=None, catkin_skip_building_tests=False, mixin_files=None, mixin=None, verb_parser=<colcon_mixin.mixin.mixin_argument.MixinArgumentDecorator object at 0x7f67b9a5a290>, verb_extension=<colcon_core.verb.build.BuildVerb object at 0x7f67b9ed7700>, main=<bound method BuildVerb.main of <colcon_core.verb.build.BuildVerb object at 0x7f67b9ed7700>>, mixin_verb=('build',))
[1.017s] Level 1:colcon.colcon_core.package_discovery:discover_packages(colcon_meta) check parameters
[1.017s] Level 1:colcon.colcon_core.package_discovery:discover_packages(recursive) check parameters
[1.017s] Level 1:colcon.colcon_core.package_discovery:discover_packages(ignore) check parameters
[1.017s] Level 1:colcon.colcon_core.package_discovery:discover_packages(path) check parameters
[1.017s] Level 1:colcon.colcon_core.package_discovery:discover_packages(colcon_meta) discover
[1.017s] Level 1:colcon.colcon_core.package_discovery:discover_packages(recursive) discover
[1.017s] INFO:colcon.colcon_core.package_discovery:Crawling recursively for packages in '/home/debora/ROS2Curso/ros2_ws'
[1.017s] Level 1:colcon.colcon_core.package_identification:_identify(.) by extensions ['ignore', 'ignore_ament_install']
[1.017s] Level 1:colcon.colcon_core.package_identification:_identify(.) by extension 'ignore'
[1.017s] Level 1:colcon.colcon_core.package_identification:_identify(.) by extension 'ignore_ament_install'
[1.017s] Level 1:colcon.colcon_core.package_identification:_identify(.) by extensions ['colcon_pkg']
[1.017s] Level 1:colcon.colcon_core.package_identification:_identify(.) by extension 'colcon_pkg'
[1.018s] Level 1:colcon.colcon_core.package_identification:_identify(.) by extensions ['colcon_meta']
[1.018s] Level 1:colcon.colcon_core.package_identification:_identify(.) by extension 'colcon_meta'
[1.018s] Level 1:colcon.colcon_core.package_identification:_identify(.) by extensions ['ros']
[1.018s] Level 1:colcon.colcon_core.package_identification:_identify(.) by extension 'ros'
[1.026s] Level 1:colcon.colcon_core.package_identification:_identify(.) by extensions ['cmake', 'python']
[1.026s] Level 1:colcon.colcon_core.package_identification:_identify(.) by extension 'cmake'
[1.026s] Level 1:colcon.colcon_core.package_identification:_identify(.) by extension 'python'
[1.026s] Level 1:colcon.colcon_core.package_identification:_identify(.) by extensions ['python_setup_py']
[1.026s] Level 1:colcon.colcon_core.package_identification:_identify(.) by extension 'python_setup_py'
[1.026s] Level 1:colcon.colcon_core.package_identification:_identify(build) by extensions ['ignore', 'ignore_ament_install']
[1.026s] Level 1:colcon.colcon_core.package_identification:_identify(build) by extension 'ignore'
[1.026s] Level 1:colcon.colcon_core.package_identification:_identify(build) ignored
[1.026s] Level 1:colcon.colcon_core.package_identification:_identify(install) by extensions ['ignore', 'ignore_ament_install']
[1.026s] Level 1:colcon.colcon_core.package_identification:_identify(install) by extension 'ignore'
[1.027s] Level 1:colcon.colcon_core.package_identification:_identify(install) ignored
[1.027s] Level 1:colcon.colcon_core.package_identification:_identify(log) by extensions ['ignore', 'ignore_ament_install']
[1.027s] Level 1:colcon.colcon_core.package_identification:_identify(log) by extension 'ignore'
[1.027s] Level 1:colcon.colcon_core.package_identification:_identify(log) ignored
[1.027s] Level 1:colcon.colcon_core.package_identification:_identify(src) by extensions ['ignore', 'ignore_ament_install']
[1.027s] Level 1:colcon.colcon_core.package_identification:_identify(src) by extension 'ignore'
[1.027s] Level 1:colcon.colcon_core.package_identification:_identify(src) by extension 'ignore_ament_install'
[1.027s] Level 1:colcon.colcon_core.package_identification:_identify(src) by extensions ['colcon_pkg']
[1.027s] Level 1:colcon.colcon_core.package_identification:_identify(src) by extension 'colcon_pkg'
[1.027s] Level 1:colcon.colcon_core.package_identification:_identify(src) by extensions ['colcon_meta']
[1.027s] Level 1:colcon.colcon_core.package_identification:_identify(src) by extension 'colcon_meta'
[1.027s] Level 1:colcon.colcon_core.package_identification:_identify(src) by extensions ['ros']
[1.027s] Level 1:colcon.colcon_core.package_identification:_identify(src) by extension 'ros'
[1.027s] Level 1:colcon.colcon_core.package_identification:_identify(src) by extensions ['cmake', 'python']
[1.027s] Level 1:colcon.colcon_core.package_identification:_identify(src) by extension 'cmake'
[1.027s] Level 1:colcon.colcon_core.package_identification:_identify(src) by extension 'python'
[1.027s] Level 1:colcon.colcon_core.package_identification:_identify(src) by extensions ['python_setup_py']
[1.027s] Level 1:colcon.colcon_core.package_identification:_identify(src) by extension 'python_setup_py'
[1.027s] Level 1:colcon.colcon_core.package_identification:_identify(src/my_cpp_pkg) by extensions ['ignore', 'ignore_ament_install']
[1.027s] Level 1:colcon.colcon_core.package_identification:_identify(src/my_cpp_pkg) by extension 'ignore'
[1.027s] Level 1:colcon.colcon_core.package_identification:_identify(src/my_cpp_pkg) by extension 'ignore_ament_install'
[1.027s] Level 1:colcon.colcon_core.package_identification:_identify(src/my_cpp_pkg) by extensions ['colcon_pkg']
[1.027s] Level 1:colcon.colcon_core.package_identification:_identify(src/my_cpp_pkg) by extension 'colcon_pkg'
[1.027s] Level 1:colcon.colcon_core.package_identification:_identify(src/my_cpp_pkg) by extensions ['colcon_meta']
[1.027s] Level 1:colcon.colcon_core.package_identification:_identify(src/my_cpp_pkg) by extension 'colcon_meta'
[1.027s] Level 1:colcon.colcon_core.package_identification:_identify(src/my_cpp_pkg) by extensions ['ros']
[1.027s] Level 1:colcon.colcon_core.package_identification:_identify(src/my_cpp_pkg) by extension 'ros'
[1.029s] DEBUG:colcon.colcon_core.package_identification:Package 'src/my_cpp_pkg' with type 'ros.ament_cmake' and name 'my_cpp_pkg'
[1.030s] Level 1:colcon.colcon_core.package_identification:_identify(src/my_py_pkg) by extensions ['ignore', 'ignore_ament_install']
[1.030s] Level 1:colcon.colcon_core.package_identification:_identify(src/my_py_pkg) by extension 'ignore'
[1.030s] Level 1:colcon.colcon_core.package_identification:_identify(src/my_py_pkg) by extension 'ignore_ament_install'
[1.030s] Level 1:colcon.colcon_core.package_identification:_identify(src/my_py_pkg) by extensions ['colcon_pkg']
[1.030s] Level 1:colcon.colcon_core.package_identification:_identify(src/my_py_pkg) by extension 'colcon_pkg'
[1.030s] Level 1:colcon.colcon_core.package_identification:_identify(src/my_py_pkg) by extensions ['colcon_meta']
[1.030s] Level 1:colcon.colcon_core.package_identification:_identify(src/my_py_pkg) by extension 'colcon_meta'
[1.030s] Level 1:colcon.colcon_core.package_identification:_identify(src/my_py_pkg) by extensions ['ros']
[1.030s] Level 1:colcon.colcon_core.package_identification:_identify(src/my_py_pkg) by extension 'ros'
[1.030s] DEBUG:colcon.colcon_core.package_identification:Package 'src/my_py_pkg' with type 'ros.ament_python' and name 'my_py_pkg'
[1.030s] Level 1:colcon.colcon_core.package_discovery:discover_packages(recursive) using defaults
[1.030s] Level 1:colcon.colcon_core.package_discovery:discover_packages(ignore) discover
[1.030s] Level 1:colcon.colcon_core.package_discovery:discover_packages(ignore) using defaults
[1.030s] Level 1:colcon.colcon_core.package_discovery:discover_packages(path) discover
[1.031s] Level 1:colcon.colcon_core.package_discovery:discover_packages(path) using defaults
[1.098s] Level 1:colcon.colcon_core.package_discovery:discover_packages(prefix_path) check parameters
[1.098s] Level 1:colcon.colcon_core.package_discovery:discover_packages(prefix_path) discover
[1.123s] DEBUG:colcon.colcon_installed_package_information.package_discovery:Found 69 installed packages in /home/debora/ws_moveit/install
[1.134s] DEBUG:colcon.colcon_installed_package_information.package_discovery:Found 340 installed packages in /opt/ros/humble
[1.135s] Level 1:colcon.colcon_core.package_discovery:discover_packages(prefix_path) using defaults
[1.208s] Level 5:colcon.colcon_core.verb:set package 'my_cpp_pkg' build argument 'cmake_args' from command line to 'None'
[1.208s] Level 5:colcon.colcon_core.verb:set package 'my_cpp_pkg' build argument 'cmake_target' from command line to 'None'
[1.208s] Level 5:colcon.colcon_core.verb:set package 'my_cpp_pkg' build argument 'cmake_target_skip_unavailable' from command line to 'False'
[1.208s] Level 5:colcon.colcon_core.verb:set package 'my_cpp_pkg' build argument 'cmake_clean_cache' from command line to 'False'
[1.208s] Level 5:colcon.colcon_core.verb:set package 'my_cpp_pkg' build argument 'cmake_clean_first' from command line to 'False'
[1.208s] Level 5:colcon.colcon_core.verb:set package 'my_cpp_pkg' build argument 'cmake_force_configure' from command line to 'False'
[1.208s] Level 5:colcon.colcon_core.verb:set package 'my_cpp_pkg' build argument 'ament_cmake_args' from command line to 'None'
[1.208s] Level 5:colcon.colcon_core.verb:set package 'my_cpp_pkg' build argument 'catkin_cmake_args' from command line to 'None'
[1.208s] Level 5:colcon.colcon_core.verb:set package 'my_cpp_pkg' build argument 'catkin_skip_building_tests' from command line to 'False'
[1.208s] DEBUG:colcon.colcon_core.verb:Building package 'my_cpp_pkg' with the following arguments: {'ament_cmake_args': None, 'build_base': '/home/debora/ROS2Curso/ros2_ws/build/my_cpp_pkg', 'catkin_cmake_args': None, 'catkin_skip_building_tests': False, 'cmake_args': None, 'cmake_clean_cache': False, 'cmake_clean_first': False, 'cmake_force_configure': False, 'cmake_target': None, 'cmake_target_skip_unavailable': False, 'install_base': '/home/debora/ROS2Curso/ros2_ws/install/my_cpp_pkg', 'merge_install': False, 'path': '/home/debora/ROS2Curso/ros2_ws/src/my_cpp_pkg', 'symlink_install': False, 'test_result_base': None}
[1.218s] Level 5:colcon.colcon_core.verb:set package 'my_py_pkg' build argument 'cmake_args' from command line to 'None'
[1.218s] Level 5:colcon.colcon_core.verb:set package 'my_py_pkg' build argument 'cmake_target' from command line to 'None'
[1.218s] Level 5:colcon.colcon_core.verb:set package 'my_py_pkg' build argument 'cmake_target_skip_unavailable' from command line to 'False'
[1.218s] Level 5:colcon.colcon_core.verb:set package 'my_py_pkg' build argument 'cmake_clean_cache' from command line to 'False'
[1.219s] Level 5:colcon.colcon_core.verb:set package 'my_py_pkg' build argument 'cmake_clean_first' from command line to 'False'
[1.219s] Level 5:colcon.colcon_core.verb:set package 'my_py_pkg' build argument 'cmake_force_configure' from command line to 'False'
[1.219s] Level 5:colcon.colcon_core.verb:set package 'my_py_pkg' build argument 'ament_cmake_args' from command line to 'None'
[1.219s] Level 5:colcon.colcon_core.verb:set package 'my_py_pkg' build argument 'catkin_cmake_args' from command line to 'None'
[1.219s] Level 5:colcon.colcon_core.verb:set package 'my_py_pkg' build argument 'catkin_skip_building_tests' from command line to 'False'
[1.219s] DEBUG:colcon.colcon_core.verb:Building package 'my_py_pkg' with the following arguments: {'ament_cmake_args': None, 'build_base': '/home/debora/ROS2Curso/ros2_ws/build/my_py_pkg', 'catkin_cmake_args': None, 'catkin_skip_building_tests': False, 'cmake_args': None, 'cmake_clean_cache': False, 'cmake_clean_first': False, 'cmake_force_configure': False, 'cmake_target': None, 'cmake_target_skip_unavailable': False, 'install_base': '/home/debora/ROS2Curso/ros2_ws/install/my_py_pkg', 'merge_install': False, 'path': '/home/debora/ROS2Curso/ros2_ws/src/my_py_pkg', 'symlink_install': False, 'test_result_base': None}
[1.229s] INFO:colcon.colcon_core.executor:Executing jobs using 'parallel' executor
[1.240s] DEBUG:colcon.colcon_parallel_executor.executor.parallel:run_until_complete
[1.240s] INFO:colcon.colcon_ros.task.ament_cmake.build:Building ROS package in '/home/debora/ROS2Curso/ros2_ws/src/my_cpp_pkg' with build type 'ament_cmake'
[1.240s] INFO:colcon.colcon_cmake.task.cmake.build:Building CMake package in '/home/debora/ROS2Curso/ros2_ws/src/my_cpp_pkg'
[1.253s] INFO:colcon.colcon_core.plugin_system:Skipping extension 'colcon_core.shell.bat': Not used on non-Windows systems
[1.253s] INFO:colcon.colcon_core.shell:Skip shell extension 'powershell' for command environment: Not usable outside of PowerShell
[1.253s] DEBUG:colcon.colcon_core.shell:Skip shell extension 'dsv' for command environment
[1.292s] INFO:colcon.colcon_ros.task.ament_python.build:Building ROS package in '/home/debora/ROS2Curso/ros2_ws/src/my_py_pkg' with build type 'ament_python'
[1.292s] Level 1:colcon.colcon_core.shell:create_environment_hook('my_py_pkg', 'ament_prefix_path')
[1.305s] INFO:colcon.colcon_core.shell:Creating environment hook '/home/debora/ROS2Curso/ros2_ws/install/my_py_pkg/share/my_py_pkg/hook/ament_prefix_path.ps1'
[1.306s] INFO:colcon.colcon_core.shell:Creating environment descriptor '/home/debora/ROS2Curso/ros2_ws/install/my_py_pkg/share/my_py_pkg/hook/ament_prefix_path.dsv'
[1.306s] INFO:colcon.colcon_core.shell:Creating environment hook '/home/debora/ROS2Curso/ros2_ws/install/my_py_pkg/share/my_py_pkg/hook/ament_prefix_path.sh'
[1.317s] INFO:colcon.colcon_core.shell:Skip shell extension 'powershell' for command environment: Not usable outside of PowerShell
[1.317s] DEBUG:colcon.colcon_core.shell:Skip shell extension 'dsv' for command environment
[1.367s] DEBUG:colcon.colcon_core.event_handler.log_command:Invoking command in '/home/debora/ROS2Curso/ros2_ws/build/my_cpp_pkg': CMAKE_PREFIX_PATH=${CMAKE_PREFIX_PATH}:/home/debora/ws_moveit/install/moveit_configs_utils:/opt/ros/humble /usr/bin/cmake /home/debora/ROS2Curso/ros2_ws/src/my_cpp_pkg -DCMAKE_INSTALL_PREFIX=/home/debora/ROS2Curso/ros2_ws/install/my_cpp_pkg
[1.577s] INFO:colcon.colcon_core.task.python.build:Building Python package in '/home/debora/ROS2Curso/ros2_ws/src/my_py_pkg'
[1.590s] INFO:colcon.colcon_core.shell:Skip shell extension 'powershell' for command environment: Not usable outside of PowerShell
[1.590s] DEBUG:colcon.colcon_core.shell:Skip shell extension 'dsv' for command environment
[1.933s] DEBUG:colcon.colcon_core.event_handler.log_command:Invoking command in '/home/debora/ROS2Curso/ros2_ws/src/my_py_pkg': PYTHONPATH=/home/debora/ROS2Curso/ros2_ws/build/my_py_pkg/prefix_override:/home/debora/ROS2Curso/ros2_ws/install/my_py_pkg/lib/python3.10/site-packages:${PYTHONPATH} /usr/bin/python3 setup.py egg_info --egg-base ../../build/my_py_pkg build --build-base /home/debora/ROS2Curso/ros2_ws/build/my_py_pkg/build install --record /home/debora/ROS2Curso/ros2_ws/build/my_py_pkg/install.log --single-version-externally-managed
[2.202s] DEBUG:colcon.colcon_core.event_handler.log_command:Invoked command in '/home/debora/ROS2Curso/ros2_ws/src/my_py_pkg' returned '0': PYTHONPATH=/home/debora/ROS2Curso/ros2_ws/build/my_py_pkg/prefix_override:/home/debora/ROS2Curso/ros2_ws/install/my_py_pkg/lib/python3.10/site-packages:${PYTHONPATH} /usr/bin/python3 setup.py egg_info --egg-base ../../build/my_py_pkg build --build-base /home/debora/ROS2Curso/ros2_ws/build/my_py_pkg/build install --record /home/debora/ROS2Curso/ros2_ws/build/my_py_pkg/install.log --single-version-externally-managed
[2.217s] Level 1:colcon.colcon_core.environment:checking '/home/debora/ROS2Curso/ros2_ws/install/my_py_pkg' for CMake module files
[2.217s] Level 1:colcon.colcon_core.environment:checking '/home/debora/ROS2Curso/ros2_ws/install/my_py_pkg' for CMake config files
[2.217s] Level 1:colcon.colcon_core.environment:checking '/home/debora/ROS2Curso/ros2_ws/install/my_py_pkg/lib'
[2.218s] Level 1:colcon.colcon_core.environment:checking '/home/debora/ROS2Curso/ros2_ws/install/my_py_pkg/bin'
[2.218s] Level 1:colcon.colcon_core.environment:checking '/home/debora/ROS2Curso/ros2_ws/install/my_py_pkg/lib/pkgconfig/my_py_pkg.pc'
[2.218s] Level 1:colcon.colcon_core.environment:checking '/home/debora/ROS2Curso/ros2_ws/install/my_py_pkg/lib/python3.10/site-packages'
[2.218s] Level 1:colcon.colcon_core.shell:create_environment_hook('my_py_pkg', 'pythonpath')
[2.230s] INFO:colcon.colcon_core.shell:Creating environment hook '/home/debora/ROS2Curso/ros2_ws/install/my_py_pkg/share/my_py_pkg/hook/pythonpath.ps1'
[2.231s] INFO:colcon.colcon_core.shell:Creating environment descriptor '/home/debora/ROS2Curso/ros2_ws/install/my_py_pkg/share/my_py_pkg/hook/pythonpath.dsv'
[2.231s] INFO:colcon.colcon_core.shell:Creating environment hook '/home/debora/ROS2Curso/ros2_ws/install/my_py_pkg/share/my_py_pkg/hook/pythonpath.sh'
[2.232s] Level 1:colcon.colcon_core.environment:checking '/home/debora/ROS2Curso/ros2_ws/install/my_py_pkg/bin'
[2.232s] Level 1:colcon.colcon_core.environment:create_environment_scripts_only(my_py_pkg)
[2.244s] INFO:colcon.colcon_core.shell:Creating package script '/home/debora/ROS2Curso/ros2_ws/install/my_py_pkg/share/my_py_pkg/package.ps1'
[2.244s] INFO:colcon.colcon_core.shell:Creating package descriptor '/home/debora/ROS2Curso/ros2_ws/install/my_py_pkg/share/my_py_pkg/package.dsv'
[2.245s] INFO:colcon.colcon_core.shell:Creating package script '/home/debora/ROS2Curso/ros2_ws/install/my_py_pkg/share/my_py_pkg/package.sh'
[2.246s] INFO:colcon.colcon_core.shell:Creating package script '/home/debora/ROS2Curso/ros2_ws/install/my_py_pkg/share/my_py_pkg/package.bash'
[2.246s] INFO:colcon.colcon_core.shell:Creating package script '/home/debora/ROS2Curso/ros2_ws/install/my_py_pkg/share/my_py_pkg/package.zsh'
[2.247s] Level 1:colcon.colcon_core.environment:create_file_with_runtime_dependencies(/home/debora/ROS2Curso/ros2_ws/install/my_py_pkg/share/colcon-core/packages/my_py_pkg)
[3.416s] DEBUG:colcon.colcon_core.event_handler.log_command:Invoked command in '/home/debora/ROS2Curso/ros2_ws/build/my_cpp_pkg' returned '0': CMAKE_PREFIX_PATH=${CMAKE_PREFIX_PATH}:/home/debora/ws_moveit/install/moveit_configs_utils:/opt/ros/humble /usr/bin/cmake /home/debora/ROS2Curso/ros2_ws/src/my_cpp_pkg -DCMAKE_INSTALL_PREFIX=/home/debora/ROS2Curso/ros2_ws/install/my_cpp_pkg
[3.420s] DEBUG:colcon.colcon_core.event_handler.log_command:Invoking command in '/home/debora/ROS2Curso/ros2_ws/build/my_cpp_pkg': CMAKE_PREFIX_PATH=${CMAKE_PREFIX_PATH}:/home/debora/ws_moveit/install/moveit_configs_utils:/opt/ros/humble /usr/bin/cmake --build /home/debora/ROS2Curso/ros2_ws/build/my_cpp_pkg -- -j4 -l4
[6.261s] DEBUG:colcon.colcon_core.event_handler.log_command:Invoked command in '/home/debora/ROS2Curso/ros2_ws/build/my_cpp_pkg' returned '0': CMAKE_PREFIX_PATH=${CMAKE_PREFIX_PATH}:/home/debora/ws_moveit/install/moveit_configs_utils:/opt/ros/humble /usr/bin/cmake --build /home/debora/ROS2Curso/ros2_ws/build/my_cpp_pkg -- -j4 -l4
[6.306s] DEBUG:colcon.colcon_core.event_handler.log_command:Invoking command in '/home/debora/ROS2Curso/ros2_ws/build/my_cpp_pkg': CMAKE_PREFIX_PATH=${CMAKE_PREFIX_PATH}:/home/debora/ws_moveit/install/moveit_configs_utils:/opt/ros/humble /usr/bin/cmake --install /home/debora/ROS2Curso/ros2_ws/build/my_cpp_pkg
[6.320s] Level 1:colcon.colcon_core.environment:create_environment_scripts_only(my_cpp_pkg)
[6.320s] DEBUG:colcon.colcon_core.event_handler.log_command:Invoked command in '/home/debora/ROS2Curso/ros2_ws/build/my_cpp_pkg' returned '0': CMAKE_PREFIX_PATH=${CMAKE_PREFIX_PATH}:/home/debora/ws_moveit/install/moveit_configs_utils:/opt/ros/humble /usr/bin/cmake --install /home/debora/ROS2Curso/ros2_ws/build/my_cpp_pkg
[6.332s] Level 1:colcon.colcon_core.environment:checking '/home/debora/ROS2Curso/ros2_ws/install/my_cpp_pkg' for CMake module files
[6.332s] Level 1:colcon.colcon_core.environment:checking '/home/debora/ROS2Curso/ros2_ws/install/my_cpp_pkg' for CMake config files
[6.332s] Level 1:colcon.colcon_core.shell:create_environment_hook('my_cpp_pkg', 'cmake_prefix_path')
[6.344s] INFO:colcon.colcon_core.shell:Creating environment hook '/home/debora/ROS2Curso/ros2_ws/install/my_cpp_pkg/share/my_cpp_pkg/hook/cmake_prefix_path.ps1'
[6.344s] INFO:colcon.colcon_core.shell:Creating environment descriptor '/home/debora/ROS2Curso/ros2_ws/install/my_cpp_pkg/share/my_cpp_pkg/hook/cmake_prefix_path.dsv'
[6.344s] INFO:colcon.colcon_core.shell:Creating environment hook '/home/debora/ROS2Curso/ros2_ws/install/my_cpp_pkg/share/my_cpp_pkg/hook/cmake_prefix_path.sh'
[6.345s] Level 1:colcon.colcon_core.environment:checking '/home/debora/ROS2Curso/ros2_ws/install/my_cpp_pkg/lib'
[6.345s] Level 1:colcon.colcon_core.environment:checking '/home/debora/ROS2Curso/ros2_ws/install/my_cpp_pkg/bin'
[6.345s] Level 1:colcon.colcon_core.environment:checking '/home/debora/ROS2Curso/ros2_ws/install/my_cpp_pkg/lib/pkgconfig/my_cpp_pkg.pc'
[6.345s] Level 1:colcon.colcon_core.environment:checking '/home/debora/ROS2Curso/ros2_ws/install/my_cpp_pkg/lib/python3.10/site-packages'
[6.345s] Level 1:colcon.colcon_core.environment:checking '/home/debora/ROS2Curso/ros2_ws/install/my_cpp_pkg/bin'
[6.360s] INFO:colcon.colcon_core.shell:Creating package script '/home/debora/ROS2Curso/ros2_ws/install/my_cpp_pkg/share/my_cpp_pkg/package.ps1'
[6.361s] INFO:colcon.colcon_core.shell:Creating package descriptor '/home/debora/ROS2Curso/ros2_ws/install/my_cpp_pkg/share/my_cpp_pkg/package.dsv'
[6.361s] INFO:colcon.colcon_core.shell:Creating package script '/home/debora/ROS2Curso/ros2_ws/install/my_cpp_pkg/share/my_cpp_pkg/package.sh'
[6.362s] INFO:colcon.colcon_core.shell:Creating package script '/home/debora/ROS2Curso/ros2_ws/install/my_cpp_pkg/share/my_cpp_pkg/package.bash'
[6.362s] INFO:colcon.colcon_core.shell:Creating package script '/home/debora/ROS2Curso/ros2_ws/install/my_cpp_pkg/share/my_cpp_pkg/package.zsh'
[6.363s] Level 1:colcon.colcon_core.environment:create_file_with_runtime_dependencies(/home/debora/ROS2Curso/ros2_ws/install/my_cpp_pkg/share/colcon-core/packages/my_cpp_pkg)
[6.409s] Level 1:colcon.colcon_core.environment:create_environment_scripts_only(my_cpp_pkg)
[6.419s] Level 1:colcon.colcon_core.environment:checking '/home/debora/ROS2Curso/ros2_ws/install/my_cpp_pkg' for CMake module files
[6.420s] Level 1:colcon.colcon_core.environment:checking '/home/debora/ROS2Curso/ros2_ws/install/my_cpp_pkg' for CMake config files
[6.420s] Level 1:colcon.colcon_core.shell:create_environment_hook('my_cpp_pkg', 'cmake_prefix_path')
[6.430s] INFO:colcon.colcon_core.shell:Creating environment hook '/home/debora/ROS2Curso/ros2_ws/install/my_cpp_pkg/share/my_cpp_pkg/hook/cmake_prefix_path.ps1'
[6.430s] INFO:colcon.colcon_core.shell:Creating environment descriptor '/home/debora/ROS2Curso/ros2_ws/install/my_cpp_pkg/share/my_cpp_pkg/hook/cmake_prefix_path.dsv'
[6.431s] INFO:colcon.colcon_core.shell:Creating environment hook '/home/debora/ROS2Curso/ros2_ws/install/my_cpp_pkg/share/my_cpp_pkg/hook/cmake_prefix_path.sh'
[6.431s] Level 1:colcon.colcon_core.environment:checking '/home/debora/ROS2Curso/ros2_ws/install/my_cpp_pkg/lib'
[6.431s] Level 1:colcon.colcon_core.environment:checking '/home/debora/ROS2Curso/ros2_ws/install/my_cpp_pkg/bin'
[6.431s] Level 1:colcon.colcon_core.environment:checking '/home/debora/ROS2Curso/ros2_ws/install/my_cpp_pkg/lib/pkgconfig/my_cpp_pkg.pc'
[6.432s] Level 1:colcon.colcon_core.environment:checking '/home/debora/ROS2Curso/ros2_ws/install/my_cpp_pkg/lib/python3.10/site-packages'
[6.432s] Level 1:colcon.colcon_core.environment:checking '/home/debora/ROS2Curso/ros2_ws/install/my_cpp_pkg/bin'
[6.442s] INFO:colcon.colcon_core.shell:Creating package script '/home/debora/ROS2Curso/ros2_ws/install/my_cpp_pkg/share/my_cpp_pkg/package.ps1'
[6.443s] INFO:colcon.colcon_core.shell:Creating package descriptor '/home/debora/ROS2Curso/ros2_ws/install/my_cpp_pkg/share/my_cpp_pkg/package.dsv'
[6.443s] INFO:colcon.colcon_core.shell:Creating package script '/home/debora/ROS2Curso/ros2_ws/install/my_cpp_pkg/share/my_cpp_pkg/package.sh'
[6.444s] INFO:colcon.colcon_core.shell:Creating package script '/home/debora/ROS2Curso/ros2_ws/install/my_cpp_pkg/share/my_cpp_pkg/package.bash'
[6.444s] INFO:colcon.colcon_core.shell:Creating package script '/home/debora/ROS2Curso/ros2_ws/install/my_cpp_pkg/share/my_cpp_pkg/package.zsh'
[6.444s] Level 1:colcon.colcon_core.environment:create_file_with_runtime_dependencies(/home/debora/ROS2Curso/ros2_ws/install/my_cpp_pkg/share/colcon-core/packages/my_cpp_pkg)
[6.445s] DEBUG:colcon.colcon_parallel_executor.executor.parallel:closing loop
[6.445s] DEBUG:colcon.colcon_parallel_executor.executor.parallel:loop closed
[6.445s] DEBUG:colcon.colcon_parallel_executor.executor.parallel:run_until_complete finished with '0'
[6.445s] DEBUG:colcon.colcon_core.event_reactor:joining thread
[6.460s] INFO:colcon.colcon_core.plugin_system:Skipping extension 'colcon_notification.desktop_notification.terminal_notifier': Not used on non-Darwin systems
[6.460s] INFO:colcon.colcon_core.plugin_system:Skipping extension 'colcon_notification.desktop_notification.win32': Not used on non-Windows systems
[6.460s] INFO:colcon.colcon_notification.desktop_notification:Sending desktop notification using 'notify2'
[6.472s] DEBUG:colcon.colcon_core.event_reactor:joined thread
[6.483s] INFO:colcon.colcon_core.shell:Creating prefix script '/home/debora/ROS2Curso/ros2_ws/install/local_setup.ps1'
[6.484s] INFO:colcon.colcon_core.shell:Creating prefix util module '/home/debora/ROS2Curso/ros2_ws/install/_local_setup_util_ps1.py'
[6.485s] INFO:colcon.colcon_core.shell:Creating prefix chain script '/home/debora/ROS2Curso/ros2_ws/install/setup.ps1'
[6.516s] INFO:colcon.colcon_core.shell:Creating prefix script '/home/debora/ROS2Curso/ros2_ws/install/local_setup.sh'
[6.517s] INFO:colcon.colcon_core.shell:Creating prefix util module '/home/debora/ROS2Curso/ros2_ws/install/_local_setup_util_sh.py'
[6.517s] INFO:colcon.colcon_core.shell:Creating prefix chain script '/home/debora/ROS2Curso/ros2_ws/install/setup.sh'
[6.530s] INFO:colcon.colcon_core.shell:Creating prefix script '/home/debora/ROS2Curso/ros2_ws/install/local_setup.bash'
[6.531s] INFO:colcon.colcon_core.shell:Creating prefix chain script '/home/debora/ROS2Curso/ros2_ws/install/setup.bash'
[6.544s] INFO:colcon.colcon_core.shell:Creating prefix script '/home/debora/ROS2Curso/ros2_ws/install/local_setup.zsh'
[6.544s] INFO:colcon.colcon_core.shell:Creating prefix chain script '/home/debora/ROS2Curso/ros2_ws/install/setup.zsh'
