[0.017s] Invoking command in '/home/debora/ROS2Curso/ros2_ws/build/my_cpp_pkg': CMAKE_PREFIX_PATH=${CMAKE_PREFIX_PATH}:/home/debora/ROS2Curso/ros2_ws/install/my_py_pkg:/home/debora/ws_moveit/install/moveit_configs_utils:/opt/ros/humble /usr/bin/cmake --build /home/debora/ROS2Curso/ros2_ws/build/my_cpp_pkg -- -j4 -l4
[0.085s] [ 50%] [32mBuilding CXX object CMakeFiles/cpp_node.dir/src/my_first_node.cpp.o[0m
[2.785s] [100%] [32m[1mLinking CXX executable cpp_node[0m
[2.906s] [100%] Built target cpp_node
[2.919s] Invoked command in '/home/debora/ROS2Curso/ros2_ws/build/my_cpp_pkg' returned '0': CMAKE_PREFIX_PATH=${CMAKE_PREFIX_PATH}:/home/debora/ROS2Curso/ros2_ws/install/my_py_pkg:/home/debora/ws_moveit/install/moveit_configs_utils:/opt/ros/humble /usr/bin/cmake --build /home/debora/ROS2Curso/ros2_ws/build/my_cpp_pkg -- -j4 -l4
[2.981s] Invoking command in '/home/debora/ROS2Curso/ros2_ws/build/my_cpp_pkg': CMAKE_PREFIX_PATH=${CMAKE_PREFIX_PATH}:/home/debora/ROS2Curso/ros2_ws/install/my_py_pkg:/home/debora/ws_moveit/install/moveit_configs_utils:/opt/ros/humble /usr/bin/cmake --install /home/debora/ROS2Curso/ros2_ws/build/my_cpp_pkg
[2.991s] -- Install configuration: ""
[2.992s] -- Execute custom install script
[2.992s] -- Up-to-date symlink: /home/debora/ROS2Curso/ros2_ws/install/my_cpp_pkg/lib/my_cpp_pkg/cpp_node
[2.993s] -- Up-to-date symlink: /home/debora/ROS2Curso/ros2_ws/install/my_cpp_pkg/share/ament_index/resource_index/package_run_dependencies/my_cpp_pkg
[2.993s] -- Up-to-date symlink: /home/debora/ROS2Curso/ros2_ws/install/my_cpp_pkg/share/ament_index/resource_index/parent_prefix_path/my_cpp_pkg
[2.993s] -- Up-to-date symlink: /home/debora/ROS2Curso/ros2_ws/install/my_cpp_pkg/share/my_cpp_pkg/environment/ament_prefix_path.sh
[2.993s] -- Up-to-date symlink: /home/debora/ROS2Curso/ros2_ws/install/my_cpp_pkg/share/my_cpp_pkg/environment/ament_prefix_path.dsv
[2.993s] -- Up-to-date symlink: /home/debora/ROS2Curso/ros2_ws/install/my_cpp_pkg/share/my_cpp_pkg/environment/path.sh
[2.993s] -- Up-to-date symlink: /home/debora/ROS2Curso/ros2_ws/install/my_cpp_pkg/share/my_cpp_pkg/environment/path.dsv
[2.993s] -- Up-to-date symlink: /home/debora/ROS2Curso/ros2_ws/install/my_cpp_pkg/share/my_cpp_pkg/local_setup.bash
[2.993s] -- Up-to-date symlink: /home/debora/ROS2Curso/ros2_ws/install/my_cpp_pkg/share/my_cpp_pkg/local_setup.sh
[2.994s] -- Up-to-date symlink: /home/debora/ROS2Curso/ros2_ws/install/my_cpp_pkg/share/my_cpp_pkg/local_setup.zsh
[2.994s] -- Up-to-date symlink: /home/debora/ROS2Curso/ros2_ws/install/my_cpp_pkg/share/my_cpp_pkg/local_setup.dsv
[2.994s] -- Symlinking: /home/debora/ROS2Curso/ros2_ws/install/my_cpp_pkg/share/my_cpp_pkg/package.dsv
[3.010s] -- Up-to-date symlink: /home/debora/ROS2Curso/ros2_ws/install/my_cpp_pkg/share/ament_index/resource_index/packages/my_cpp_pkg
[3.010s] -- Up-to-date symlink: /home/debora/ROS2Curso/ros2_ws/install/my_cpp_pkg/share/my_cpp_pkg/cmake/my_cpp_pkgConfig.cmake
[3.010s] -- Up-to-date symlink: /home/debora/ROS2Curso/ros2_ws/install/my_cpp_pkg/share/my_cpp_pkg/cmake/my_cpp_pkgConfig-version.cmake
[3.010s] -- Up-to-date symlink: /home/debora/ROS2Curso/ros2_ws/install/my_cpp_pkg/share/my_cpp_pkg/package.xml
[3.015s] Invoked command in '/home/debora/ROS2Curso/ros2_ws/build/my_cpp_pkg' returned '0': CMAKE_PREFIX_PATH=${CMAKE_PREFIX_PATH}:/home/debora/ROS2Curso/ros2_ws/install/my_py_pkg:/home/debora/ws_moveit/install/moveit_configs_utils:/opt/ros/humble /usr/bin/cmake --install /home/debora/ROS2Curso/ros2_ws/build/my_cpp_pkg
