[1.035s] DEBUG:colcon:Command line arguments: ['/usr/bin/colcon', 'build']
[1.035s] DEBUG:colcon:Parsed command line arguments: Namespace(log_base=None, log_level=None, verb_name='build', build_base='build', install_base='install', merge_install=False, symlink_install=False, test_result_base=None, continue_on_error=False, executor='parallel', parallel_workers=4, event_handlers=None, ignore_user_meta=False, metas=['./colcon.meta'], base_paths=['.'], packages_ignore=None, packages_ignore_regex=None, paths=None, packages_up_to=None, packages_up_to_regex=None, packages_above=None, packages_above_and_dependencies=None, packages_above_depth=None, packages_select_by_dep=None, packages_skip_by_dep=None, packages_skip_up_to=None, packages_select_build_failed=False, packages_skip_build_finished=False, packages_select_test_failures=False, packages_skip_test_passed=False, packages_select=None, packages_skip=None, packages_select_regex=None, packages_skip_regex=None, packages_start=None, packages_end=None, allow_overriding=[], cmake_args=None, cmake_target=None, cmake_target_skip_unavailable=False, cmake_clean_cache=False, cmake_clean_first=False, cmake_force_configure=False, ament_cmake_args=None, catkin_cmake_args=None, catkin_skip_building_tests=False, mixin_files=None, mixin=None, verb_parser=<colcon_mixin.mixin.mixin_argument.MixinArgumentDecorator object at 0x7f2f1b5581f0>, verb_extension=<colcon_core.verb.build.BuildVerb object at 0x7f2f1b9d7f10>, main=<bound method BuildVerb.main of <colcon_core.verb.build.BuildVerb object at 0x7f2f1b9d7f10>>, mixin_verb=('build',))
[1.079s] Level 1:colcon.colcon_core.package_discovery:discover_packages(colcon_meta) check parameters
[1.079s] Level 1:colcon.colcon_core.package_discovery:discover_packages(recursive) check parameters
[1.079s] Level 1:colcon.colcon_core.package_discovery:discover_packages(ignore) check parameters
[1.080s] Level 1:colcon.colcon_core.package_discovery:discover_packages(path) check parameters
[1.080s] Level 1:colcon.colcon_core.package_discovery:discover_packages(colcon_meta) discover
[1.080s] Level 1:colcon.colcon_core.package_discovery:discover_packages(recursive) discover
[1.080s] INFO:colcon.colcon_core.package_discovery:Crawling recursively for packages in '/home/debora/ROS2Curso/ros2_ws/src'
[1.080s] Level 1:colcon.colcon_core.package_identification:_identify(.) by extensions ['ignore', 'ignore_ament_install']
[1.080s] Level 1:colcon.colcon_core.package_identification:_identify(.) by extension 'ignore'
[1.080s] Level 1:colcon.colcon_core.package_identification:_identify(.) by extension 'ignore_ament_install'
[1.080s] Level 1:colcon.colcon_core.package_identification:_identify(.) by extensions ['colcon_pkg']
[1.080s] Level 1:colcon.colcon_core.package_identification:_identify(.) by extension 'colcon_pkg'
[1.080s] Level 1:colcon.colcon_core.package_identification:_identify(.) by extensions ['colcon_meta']
[1.080s] Level 1:colcon.colcon_core.package_identification:_identify(.) by extension 'colcon_meta'
[1.080s] Level 1:colcon.colcon_core.package_identification:_identify(.) by extensions ['ros']
[1.080s] Level 1:colcon.colcon_core.package_identification:_identify(.) by extension 'ros'
[1.091s] Level 1:colcon.colcon_core.package_identification:_identify(.) by extensions ['cmake', 'python']
[1.091s] Level 1:colcon.colcon_core.package_identification:_identify(.) by extension 'cmake'
[1.091s] Level 1:colcon.colcon_core.package_identification:_identify(.) by extension 'python'
[1.091s] Level 1:colcon.colcon_core.package_identification:_identify(.) by extensions ['python_setup_py']
[1.091s] Level 1:colcon.colcon_core.package_identification:_identify(.) by extension 'python_setup_py'
[1.092s] Level 1:colcon.colcon_core.package_identification:_identify(build) by extensions ['ignore', 'ignore_ament_install']
[1.092s] Level 1:colcon.colcon_core.package_identification:_identify(build) by extension 'ignore'
[1.092s] Level 1:colcon.colcon_core.package_identification:_identify(build) ignored
[1.092s] Level 1:colcon.colcon_core.package_identification:_identify(install) by extensions ['ignore', 'ignore_ament_install']
[1.092s] Level 1:colcon.colcon_core.package_identification:_identify(install) by extension 'ignore'
[1.092s] Level 1:colcon.colcon_core.package_identification:_identify(install) ignored
[1.092s] Level 1:colcon.colcon_core.package_identification:_identify(log) by extensions ['ignore', 'ignore_ament_install']
[1.092s] Level 1:colcon.colcon_core.package_identification:_identify(log) by extension 'ignore'
[1.092s] Level 1:colcon.colcon_core.package_identification:_identify(log) ignored
[1.092s] Level 1:colcon.colcon_core.package_identification:_identify(my_cpp_pkg) by extensions ['ignore', 'ignore_ament_install']
[1.092s] Level 1:colcon.colcon_core.package_identification:_identify(my_cpp_pkg) by extension 'ignore'
[1.092s] Level 1:colcon.colcon_core.package_identification:_identify(my_cpp_pkg) by extension 'ignore_ament_install'
[1.092s] Level 1:colcon.colcon_core.package_identification:_identify(my_cpp_pkg) by extensions ['colcon_pkg']
[1.092s] Level 1:colcon.colcon_core.package_identification:_identify(my_cpp_pkg) by extension 'colcon_pkg'
[1.092s] Level 1:colcon.colcon_core.package_identification:_identify(my_cpp_pkg) by extensions ['colcon_meta']
[1.092s] Level 1:colcon.colcon_core.package_identification:_identify(my_cpp_pkg) by extension 'colcon_meta'
[1.092s] Level 1:colcon.colcon_core.package_identification:_identify(my_cpp_pkg) by extensions ['ros']
[1.092s] Level 1:colcon.colcon_core.package_identification:_identify(my_cpp_pkg) by extension 'ros'
[1.094s] DEBUG:colcon.colcon_core.package_identification:Package 'my_cpp_pkg' with type 'ros.ament_cmake' and name 'my_cpp_pkg'
[1.094s] Level 1:colcon.colcon_core.package_identification:_identify(my_py_pkg) by extensions ['ignore', 'ignore_ament_install']
[1.094s] Level 1:colcon.colcon_core.package_identification:_identify(my_py_pkg) by extension 'ignore'
[1.094s] Level 1:colcon.colcon_core.package_identification:_identify(my_py_pkg) by extension 'ignore_ament_install'
[1.094s] Level 1:colcon.colcon_core.package_identification:_identify(my_py_pkg) by extensions ['colcon_pkg']
[1.094s] Level 1:colcon.colcon_core.package_identification:_identify(my_py_pkg) by extension 'colcon_pkg'
[1.094s] Level 1:colcon.colcon_core.package_identification:_identify(my_py_pkg) by extensions ['colcon_meta']
[1.095s] Level 1:colcon.colcon_core.package_identification:_identify(my_py_pkg) by extension 'colcon_meta'
[1.095s] Level 1:colcon.colcon_core.package_identification:_identify(my_py_pkg) by extensions ['ros']
[1.095s] Level 1:colcon.colcon_core.package_identification:_identify(my_py_pkg) by extension 'ros'
[1.095s] DEBUG:colcon.colcon_core.package_identification:Package 'my_py_pkg' with type 'ros.ament_python' and name 'my_py_pkg'
[1.095s] Level 1:colcon.colcon_core.package_discovery:discover_packages(recursive) using defaults
[1.095s] Level 1:colcon.colcon_core.package_discovery:discover_packages(ignore) discover
[1.095s] Level 1:colcon.colcon_core.package_discovery:discover_packages(ignore) using defaults
[1.095s] Level 1:colcon.colcon_core.package_discovery:discover_packages(path) discover
[1.095s] Level 1:colcon.colcon_core.package_discovery:discover_packages(path) using defaults
[1.180s] Level 1:colcon.colcon_core.package_discovery:discover_packages(prefix_path) check parameters
[1.180s] Level 1:colcon.colcon_core.package_discovery:discover_packages(prefix_path) discover
[1.207s] DEBUG:colcon.colcon_installed_package_information.package_discovery:Found 69 installed packages in /home/debora/ws_moveit/install
[1.220s] DEBUG:colcon.colcon_installed_package_information.package_discovery:Found 340 installed packages in /opt/ros/humble
[1.221s] Level 1:colcon.colcon_core.package_discovery:discover_packages(prefix_path) using defaults
[1.286s] Level 5:colcon.colcon_core.verb:set package 'my_cpp_pkg' build argument 'cmake_args' from command line to 'None'
[1.286s] Level 5:colcon.colcon_core.verb:set package 'my_cpp_pkg' build argument 'cmake_target' from command line to 'None'
[1.286s] Level 5:colcon.colcon_core.verb:set package 'my_cpp_pkg' build argument 'cmake_target_skip_unavailable' from command line to 'False'
[1.286s] Level 5:colcon.colcon_core.verb:set package 'my_cpp_pkg' build argument 'cmake_clean_cache' from command line to 'False'
[1.286s] Level 5:colcon.colcon_core.verb:set package 'my_cpp_pkg' build argument 'cmake_clean_first' from command line to 'False'
[1.286s] Level 5:colcon.colcon_core.verb:set package 'my_cpp_pkg' build argument 'cmake_force_configure' from command line to 'False'
[1.286s] Level 5:colcon.colcon_core.verb:set package 'my_cpp_pkg' build argument 'ament_cmake_args' from command line to 'None'
[1.287s] Level 5:colcon.colcon_core.verb:set package 'my_cpp_pkg' build argument 'catkin_cmake_args' from command line to 'None'
[1.287s] Level 5:colcon.colcon_core.verb:set package 'my_cpp_pkg' build argument 'catkin_skip_building_tests' from command line to 'False'
[1.287s] DEBUG:colcon.colcon_core.verb:Building package 'my_cpp_pkg' with the following arguments: {'ament_cmake_args': None, 'build_base': '/home/debora/ROS2Curso/ros2_ws/src/build/my_cpp_pkg', 'catkin_cmake_args': None, 'catkin_skip_building_tests': False, 'cmake_args': None, 'cmake_clean_cache': False, 'cmake_clean_first': False, 'cmake_force_configure': False, 'cmake_target': None, 'cmake_target_skip_unavailable': False, 'install_base': '/home/debora/ROS2Curso/ros2_ws/src/install/my_cpp_pkg', 'merge_install': False, 'path': '/home/debora/ROS2Curso/ros2_ws/src/my_cpp_pkg', 'symlink_install': False, 'test_result_base': None}
[1.298s] Level 5:colcon.colcon_core.verb:set package 'my_py_pkg' build argument 'cmake_args' from command line to 'None'
[1.299s] Level 5:colcon.colcon_core.verb:set package 'my_py_pkg' build argument 'cmake_target' from command line to 'None'
[1.299s] Level 5:colcon.colcon_core.verb:set package 'my_py_pkg' build argument 'cmake_target_skip_unavailable' from command line to 'False'
[1.299s] Level 5:colcon.colcon_core.verb:set package 'my_py_pkg' build argument 'cmake_clean_cache' from command line to 'False'
[1.299s] Level 5:colcon.colcon_core.verb:set package 'my_py_pkg' build argument 'cmake_clean_first' from command line to 'False'
[1.299s] Level 5:colcon.colcon_core.verb:set package 'my_py_pkg' build argument 'cmake_force_configure' from command line to 'False'
[1.299s] Level 5:colcon.colcon_core.verb:set package 'my_py_pkg' build argument 'ament_cmake_args' from command line to 'None'
[1.299s] Level 5:colcon.colcon_core.verb:set package 'my_py_pkg' build argument 'catkin_cmake_args' from command line to 'None'
[1.299s] Level 5:colcon.colcon_core.verb:set package 'my_py_pkg' build argument 'catkin_skip_building_tests' from command line to 'False'
[1.299s] DEBUG:colcon.colcon_core.verb:Building package 'my_py_pkg' with the following arguments: {'ament_cmake_args': None, 'build_base': '/home/debora/ROS2Curso/ros2_ws/src/build/my_py_pkg', 'catkin_cmake_args': None, 'catkin_skip_building_tests': False, 'cmake_args': None, 'cmake_clean_cache': False, 'cmake_clean_first': False, 'cmake_force_configure': False, 'cmake_target': None, 'cmake_target_skip_unavailable': False, 'install_base': '/home/debora/ROS2Curso/ros2_ws/src/install/my_py_pkg', 'merge_install': False, 'path': '/home/debora/ROS2Curso/ros2_ws/src/my_py_pkg', 'symlink_install': False, 'test_result_base': None}
[1.310s] INFO:colcon.colcon_core.executor:Executing jobs using 'parallel' executor
[1.323s] DEBUG:colcon.colcon_parallel_executor.executor.parallel:run_until_complete
[1.323s] INFO:colcon.colcon_ros.task.ament_cmake.build:Building ROS package in '/home/debora/ROS2Curso/ros2_ws/src/my_cpp_pkg' with build type 'ament_cmake'
[1.323s] INFO:colcon.colcon_cmake.task.cmake.build:Building CMake package in '/home/debora/ROS2Curso/ros2_ws/src/my_cpp_pkg'
[1.337s] INFO:colcon.colcon_core.plugin_system:Skipping extension 'colcon_core.shell.bat': Not used on non-Windows systems
[1.337s] INFO:colcon.colcon_core.shell:Skip shell extension 'powershell' for command environment: Not usable outside of PowerShell
[1.337s] DEBUG:colcon.colcon_core.shell:Skip shell extension 'dsv' for command environment
[1.380s] INFO:colcon.colcon_ros.task.ament_python.build:Building ROS package in '/home/debora/ROS2Curso/ros2_ws/src/my_py_pkg' with build type 'ament_python'
[1.380s] Level 1:colcon.colcon_core.shell:create_environment_hook('my_py_pkg', 'ament_prefix_path')
[1.397s] INFO:colcon.colcon_core.shell:Creating environment hook '/home/debora/ROS2Curso/ros2_ws/src/install/my_py_pkg/share/my_py_pkg/hook/ament_prefix_path.ps1'
[1.398s] INFO:colcon.colcon_core.shell:Creating environment descriptor '/home/debora/ROS2Curso/ros2_ws/src/install/my_py_pkg/share/my_py_pkg/hook/ament_prefix_path.dsv'
[1.399s] INFO:colcon.colcon_core.shell:Creating environment hook '/home/debora/ROS2Curso/ros2_ws/src/install/my_py_pkg/share/my_py_pkg/hook/ament_prefix_path.sh'
[1.412s] INFO:colcon.colcon_core.shell:Skip shell extension 'powershell' for command environment: Not usable outside of PowerShell
[1.412s] DEBUG:colcon.colcon_core.shell:Skip shell extension 'dsv' for command environment
[1.463s] DEBUG:colcon.colcon_core.event_handler.log_command:Invoking command in '/home/debora/ROS2Curso/ros2_ws/src/build/my_cpp_pkg': CMAKE_PREFIX_PATH=${CMAKE_PREFIX_PATH}:/home/debora/ws_moveit/install/moveit_configs_utils:/opt/ros/humble /usr/bin/cmake --build /home/debora/ROS2Curso/ros2_ws/src/build/my_cpp_pkg -- -j4 -l4
[1.640s] INFO:colcon.colcon_core.task.python.build:Building Python package in '/home/debora/ROS2Curso/ros2_ws/src/my_py_pkg'
[1.652s] INFO:colcon.colcon_core.shell:Skip shell extension 'powershell' for command environment: Not usable outside of PowerShell
[1.652s] DEBUG:colcon.colcon_core.shell:Skip shell extension 'dsv' for command environment
[1.696s] DEBUG:colcon.colcon_core.event_handler.log_command:Invoked command in '/home/debora/ROS2Curso/ros2_ws/src/build/my_cpp_pkg' returned '0': CMAKE_PREFIX_PATH=${CMAKE_PREFIX_PATH}:/home/debora/ws_moveit/install/moveit_configs_utils:/opt/ros/humble /usr/bin/cmake --build /home/debora/ROS2Curso/ros2_ws/src/build/my_cpp_pkg -- -j4 -l4
[1.744s] DEBUG:colcon.colcon_core.event_handler.log_command:Invoking command in '/home/debora/ROS2Curso/ros2_ws/src/build/my_cpp_pkg': CMAKE_PREFIX_PATH=${CMAKE_PREFIX_PATH}:/home/debora/ws_moveit/install/moveit_configs_utils:/opt/ros/humble /usr/bin/cmake --install /home/debora/ROS2Curso/ros2_ws/src/build/my_cpp_pkg
[1.762s] Level 1:colcon.colcon_core.environment:create_environment_scripts_only(my_cpp_pkg)
[1.762s] DEBUG:colcon.colcon_core.event_handler.log_command:Invoked command in '/home/debora/ROS2Curso/ros2_ws/src/build/my_cpp_pkg' returned '0': CMAKE_PREFIX_PATH=${CMAKE_PREFIX_PATH}:/home/debora/ws_moveit/install/moveit_configs_utils:/opt/ros/humble /usr/bin/cmake --install /home/debora/ROS2Curso/ros2_ws/src/build/my_cpp_pkg
[1.778s] Level 1:colcon.colcon_core.environment:checking '/home/debora/ROS2Curso/ros2_ws/src/install/my_cpp_pkg' for CMake module files
[1.779s] Level 1:colcon.colcon_core.environment:checking '/home/debora/ROS2Curso/ros2_ws/src/install/my_cpp_pkg' for CMake config files
[1.779s] Level 1:colcon.colcon_core.shell:create_environment_hook('my_cpp_pkg', 'cmake_prefix_path')
[1.792s] INFO:colcon.colcon_core.shell:Creating environment hook '/home/debora/ROS2Curso/ros2_ws/src/install/my_cpp_pkg/share/my_cpp_pkg/hook/cmake_prefix_path.ps1'
[1.792s] INFO:colcon.colcon_core.shell:Creating environment descriptor '/home/debora/ROS2Curso/ros2_ws/src/install/my_cpp_pkg/share/my_cpp_pkg/hook/cmake_prefix_path.dsv'
[1.792s] INFO:colcon.colcon_core.shell:Creating environment hook '/home/debora/ROS2Curso/ros2_ws/src/install/my_cpp_pkg/share/my_cpp_pkg/hook/cmake_prefix_path.sh'
[1.793s] Level 1:colcon.colcon_core.environment:checking '/home/debora/ROS2Curso/ros2_ws/src/install/my_cpp_pkg/lib'
[1.793s] Level 1:colcon.colcon_core.environment:checking '/home/debora/ROS2Curso/ros2_ws/src/install/my_cpp_pkg/bin'
[1.793s] Level 1:colcon.colcon_core.environment:checking '/home/debora/ROS2Curso/ros2_ws/src/install/my_cpp_pkg/lib/pkgconfig/my_cpp_pkg.pc'
[1.793s] Level 1:colcon.colcon_core.environment:checking '/home/debora/ROS2Curso/ros2_ws/src/install/my_cpp_pkg/lib/python3.10/site-packages'
[1.794s] Level 1:colcon.colcon_core.environment:checking '/home/debora/ROS2Curso/ros2_ws/src/install/my_cpp_pkg/bin'
[1.807s] INFO:colcon.colcon_core.shell:Creating package script '/home/debora/ROS2Curso/ros2_ws/src/install/my_cpp_pkg/share/my_cpp_pkg/package.ps1'
[1.808s] INFO:colcon.colcon_core.shell:Creating package descriptor '/home/debora/ROS2Curso/ros2_ws/src/install/my_cpp_pkg/share/my_cpp_pkg/package.dsv'
[1.809s] INFO:colcon.colcon_core.shell:Creating package script '/home/debora/ROS2Curso/ros2_ws/src/install/my_cpp_pkg/share/my_cpp_pkg/package.sh'
[1.809s] INFO:colcon.colcon_core.shell:Creating package script '/home/debora/ROS2Curso/ros2_ws/src/install/my_cpp_pkg/share/my_cpp_pkg/package.bash'
[1.810s] INFO:colcon.colcon_core.shell:Creating package script '/home/debora/ROS2Curso/ros2_ws/src/install/my_cpp_pkg/share/my_cpp_pkg/package.zsh'
[1.810s] Level 1:colcon.colcon_core.environment:create_file_with_runtime_dependencies(/home/debora/ROS2Curso/ros2_ws/src/install/my_cpp_pkg/share/colcon-core/packages/my_cpp_pkg)
[1.860s] Level 1:colcon.colcon_core.environment:create_environment_scripts_only(my_cpp_pkg)
[1.873s] Level 1:colcon.colcon_core.environment:checking '/home/debora/ROS2Curso/ros2_ws/src/install/my_cpp_pkg' for CMake module files
[1.873s] Level 1:colcon.colcon_core.environment:checking '/home/debora/ROS2Curso/ros2_ws/src/install/my_cpp_pkg' for CMake config files
[1.873s] Level 1:colcon.colcon_core.shell:create_environment_hook('my_cpp_pkg', 'cmake_prefix_path')
[1.886s] INFO:colcon.colcon_core.shell:Creating environment hook '/home/debora/ROS2Curso/ros2_ws/src/install/my_cpp_pkg/share/my_cpp_pkg/hook/cmake_prefix_path.ps1'
[1.886s] INFO:colcon.colcon_core.shell:Creating environment descriptor '/home/debora/ROS2Curso/ros2_ws/src/install/my_cpp_pkg/share/my_cpp_pkg/hook/cmake_prefix_path.dsv'
[1.887s] INFO:colcon.colcon_core.shell:Creating environment hook '/home/debora/ROS2Curso/ros2_ws/src/install/my_cpp_pkg/share/my_cpp_pkg/hook/cmake_prefix_path.sh'
[1.887s] Level 1:colcon.colcon_core.environment:checking '/home/debora/ROS2Curso/ros2_ws/src/install/my_cpp_pkg/lib'
[1.887s] Level 1:colcon.colcon_core.environment:checking '/home/debora/ROS2Curso/ros2_ws/src/install/my_cpp_pkg/bin'
[1.888s] Level 1:colcon.colcon_core.environment:checking '/home/debora/ROS2Curso/ros2_ws/src/install/my_cpp_pkg/lib/pkgconfig/my_cpp_pkg.pc'
[1.888s] Level 1:colcon.colcon_core.environment:checking '/home/debora/ROS2Curso/ros2_ws/src/install/my_cpp_pkg/lib/python3.10/site-packages'
[1.888s] Level 1:colcon.colcon_core.environment:checking '/home/debora/ROS2Curso/ros2_ws/src/install/my_cpp_pkg/bin'
[1.900s] INFO:colcon.colcon_core.shell:Creating package script '/home/debora/ROS2Curso/ros2_ws/src/install/my_cpp_pkg/share/my_cpp_pkg/package.ps1'
[1.900s] INFO:colcon.colcon_core.shell:Creating package descriptor '/home/debora/ROS2Curso/ros2_ws/src/install/my_cpp_pkg/share/my_cpp_pkg/package.dsv'
[1.901s] INFO:colcon.colcon_core.shell:Creating package script '/home/debora/ROS2Curso/ros2_ws/src/install/my_cpp_pkg/share/my_cpp_pkg/package.sh'
[1.901s] INFO:colcon.colcon_core.shell:Creating package script '/home/debora/ROS2Curso/ros2_ws/src/install/my_cpp_pkg/share/my_cpp_pkg/package.bash'
[1.902s] INFO:colcon.colcon_core.shell:Creating package script '/home/debora/ROS2Curso/ros2_ws/src/install/my_cpp_pkg/share/my_cpp_pkg/package.zsh'
[1.902s] Level 1:colcon.colcon_core.environment:create_file_with_runtime_dependencies(/home/debora/ROS2Curso/ros2_ws/src/install/my_cpp_pkg/share/colcon-core/packages/my_cpp_pkg)
[2.180s] DEBUG:colcon.colcon_core.event_handler.log_command:Invoking command in '/home/debora/ROS2Curso/ros2_ws/src/my_py_pkg': PYTHONPATH=/home/debora/ROS2Curso/ros2_ws/src/build/my_py_pkg/prefix_override:/home/debora/ROS2Curso/ros2_ws/src/install/my_py_pkg/lib/python3.10/site-packages:${PYTHONPATH} /usr/bin/python3 setup.py egg_info --egg-base ../build/my_py_pkg build --build-base /home/debora/ROS2Curso/ros2_ws/src/build/my_py_pkg/build install --record /home/debora/ROS2Curso/ros2_ws/src/build/my_py_pkg/install.log --single-version-externally-managed
[2.576s] DEBUG:colcon.colcon_core.event_handler.log_command:Invoked command in '/home/debora/ROS2Curso/ros2_ws/src/my_py_pkg' returned '0': PYTHONPATH=/home/debora/ROS2Curso/ros2_ws/src/build/my_py_pkg/prefix_override:/home/debora/ROS2Curso/ros2_ws/src/install/my_py_pkg/lib/python3.10/site-packages:${PYTHONPATH} /usr/bin/python3 setup.py egg_info --egg-base ../build/my_py_pkg build --build-base /home/debora/ROS2Curso/ros2_ws/src/build/my_py_pkg/build install --record /home/debora/ROS2Curso/ros2_ws/src/build/my_py_pkg/install.log --single-version-externally-managed
[2.588s] Level 1:colcon.colcon_core.environment:checking '/home/debora/ROS2Curso/ros2_ws/src/install/my_py_pkg' for CMake module files
[2.588s] Level 1:colcon.colcon_core.environment:checking '/home/debora/ROS2Curso/ros2_ws/src/install/my_py_pkg' for CMake config files
[2.588s] Level 1:colcon.colcon_core.environment:checking '/home/debora/ROS2Curso/ros2_ws/src/install/my_py_pkg/lib'
[2.589s] Level 1:colcon.colcon_core.environment:checking '/home/debora/ROS2Curso/ros2_ws/src/install/my_py_pkg/bin'
[2.589s] Level 1:colcon.colcon_core.environment:checking '/home/debora/ROS2Curso/ros2_ws/src/install/my_py_pkg/lib/pkgconfig/my_py_pkg.pc'
[2.589s] Level 1:colcon.colcon_core.environment:checking '/home/debora/ROS2Curso/ros2_ws/src/install/my_py_pkg/lib/python3.10/site-packages'
[2.589s] Level 1:colcon.colcon_core.shell:create_environment_hook('my_py_pkg', 'pythonpath')
[2.600s] INFO:colcon.colcon_core.shell:Creating environment hook '/home/debora/ROS2Curso/ros2_ws/src/install/my_py_pkg/share/my_py_pkg/hook/pythonpath.ps1'
[2.601s] INFO:colcon.colcon_core.shell:Creating environment descriptor '/home/debora/ROS2Curso/ros2_ws/src/install/my_py_pkg/share/my_py_pkg/hook/pythonpath.dsv'
[2.601s] INFO:colcon.colcon_core.shell:Creating environment hook '/home/debora/ROS2Curso/ros2_ws/src/install/my_py_pkg/share/my_py_pkg/hook/pythonpath.sh'
[2.602s] Level 1:colcon.colcon_core.environment:checking '/home/debora/ROS2Curso/ros2_ws/src/install/my_py_pkg/bin'
[2.602s] Level 1:colcon.colcon_core.environment:create_environment_scripts_only(my_py_pkg)
[2.613s] INFO:colcon.colcon_core.shell:Creating package script '/home/debora/ROS2Curso/ros2_ws/src/install/my_py_pkg/share/my_py_pkg/package.ps1'
[2.613s] INFO:colcon.colcon_core.shell:Creating package descriptor '/home/debora/ROS2Curso/ros2_ws/src/install/my_py_pkg/share/my_py_pkg/package.dsv'
[2.613s] INFO:colcon.colcon_core.shell:Creating package script '/home/debora/ROS2Curso/ros2_ws/src/install/my_py_pkg/share/my_py_pkg/package.sh'
[2.614s] INFO:colcon.colcon_core.shell:Creating package script '/home/debora/ROS2Curso/ros2_ws/src/install/my_py_pkg/share/my_py_pkg/package.bash'
[2.614s] INFO:colcon.colcon_core.shell:Creating package script '/home/debora/ROS2Curso/ros2_ws/src/install/my_py_pkg/share/my_py_pkg/package.zsh'
[2.614s] Level 1:colcon.colcon_core.environment:create_file_with_runtime_dependencies(/home/debora/ROS2Curso/ros2_ws/src/install/my_py_pkg/share/colcon-core/packages/my_py_pkg)
[2.615s] DEBUG:colcon.colcon_parallel_executor.executor.parallel:closing loop
[2.615s] DEBUG:colcon.colcon_parallel_executor.executor.parallel:loop closed
[2.615s] DEBUG:colcon.colcon_parallel_executor.executor.parallel:run_until_complete finished with '0'
[2.615s] DEBUG:colcon.colcon_core.event_reactor:joining thread
[2.632s] INFO:colcon.colcon_core.plugin_system:Skipping extension 'colcon_notification.desktop_notification.terminal_notifier': Not used on non-Darwin systems
[2.633s] INFO:colcon.colcon_core.plugin_system:Skipping extension 'colcon_notification.desktop_notification.win32': Not used on non-Windows systems
[2.633s] INFO:colcon.colcon_notification.desktop_notification:Sending desktop notification using 'notify2'
[2.646s] DEBUG:colcon.colcon_core.event_reactor:joined thread
[2.657s] INFO:colcon.colcon_core.shell:Creating prefix script '/home/debora/ROS2Curso/ros2_ws/src/install/local_setup.ps1'
[2.658s] INFO:colcon.colcon_core.shell:Creating prefix util module '/home/debora/ROS2Curso/ros2_ws/src/install/_local_setup_util_ps1.py'
[2.659s] INFO:colcon.colcon_core.shell:Creating prefix chain script '/home/debora/ROS2Curso/ros2_ws/src/install/setup.ps1'
[2.678s] INFO:colcon.colcon_core.shell:Creating prefix script '/home/debora/ROS2Curso/ros2_ws/src/install/local_setup.sh'
[2.678s] INFO:colcon.colcon_core.shell:Creating prefix util module '/home/debora/ROS2Curso/ros2_ws/src/install/_local_setup_util_sh.py'
[2.679s] INFO:colcon.colcon_core.shell:Creating prefix chain script '/home/debora/ROS2Curso/ros2_ws/src/install/setup.sh'
[2.695s] INFO:colcon.colcon_core.shell:Creating prefix script '/home/debora/ROS2Curso/ros2_ws/src/install/local_setup.bash'
[2.695s] INFO:colcon.colcon_core.shell:Creating prefix chain script '/home/debora/ROS2Curso/ros2_ws/src/install/setup.bash'
[2.711s] INFO:colcon.colcon_core.shell:Creating prefix script '/home/debora/ROS2Curso/ros2_ws/src/install/local_setup.zsh'
[2.712s] INFO:colcon.colcon_core.shell:Creating prefix chain script '/home/debora/ROS2Curso/ros2_ws/src/install/setup.zsh'
