[0.823s] Invoking command in '/home/debora/ros2_ws/src/my_py_pkg': PYTHONPATH=/home/debora/ros2_ws/build/my_py_pkg/prefix_override:/home/debora/ros2_ws/install/my_py_pkg/lib/python3.10/site-packages:${PYTHONPATH} /usr/bin/python3 setup.py egg_info --egg-base ../../build/my_py_pkg build --build-base /home/debora/ros2_ws/build/my_py_pkg/build install --record /home/debora/ros2_ws/build/my_py_pkg/install.log --single-version-externally-managed
[1.008s] running egg_info
[1.008s] creating ../../build/my_py_pkg/my_py_pkg.egg-info
[1.008s] writing ../../build/my_py_pkg/my_py_pkg.egg-info/PKG-INFO
[1.008s] writing dependency_links to ../../build/my_py_pkg/my_py_pkg.egg-info/dependency_links.txt
[1.009s] writing entry points to ../../build/my_py_pkg/my_py_pkg.egg-info/entry_points.txt
[1.009s] writing requirements to ../../build/my_py_pkg/my_py_pkg.egg-info/requires.txt
[1.009s] writing top-level names to ../../build/my_py_pkg/my_py_pkg.egg-info/top_level.txt
[1.009s] writing manifest file '../../build/my_py_pkg/my_py_pkg.egg-info/SOURCES.txt'
[1.010s] reading manifest file '../../build/my_py_pkg/my_py_pkg.egg-info/SOURCES.txt'
[1.010s] writing manifest file '../../build/my_py_pkg/my_py_pkg.egg-info/SOURCES.txt'
[1.010s] running build
[1.010s] running build_py
[1.011s] creating /home/debora/ros2_ws/build/my_py_pkg/build
[1.011s] creating /home/debora/ros2_ws/build/my_py_pkg/build/lib
[1.011s] creating /home/debora/ros2_ws/build/my_py_pkg/build/lib/my_py_pkg
[1.011s] copying my_py_pkg/__init__.py -> /home/debora/ros2_ws/build/my_py_pkg/build/lib/my_py_pkg
[1.011s] running install
[1.011s] /usr/lib/python3/dist-packages/setuptools/command/install.py:34: SetuptoolsDeprecationWarning: setup.py install is deprecated. Use build and pip and other standards-based tools.
[1.012s]   warnings.warn(
[1.012s] running install_lib
[1.013s] creating /home/debora/ros2_ws/install/my_py_pkg/lib/python3.10/site-packages/my_py_pkg
[1.013s] copying /home/debora/ros2_ws/build/my_py_pkg/build/lib/my_py_pkg/__init__.py -> /home/debora/ros2_ws/install/my_py_pkg/lib/python3.10/site-packages/my_py_pkg
[1.013s] byte-compiling /home/debora/ros2_ws/install/my_py_pkg/lib/python3.10/site-packages/my_py_pkg/__init__.py to __init__.cpython-310.pyc
[1.013s] running install_data
[1.013s] creating /home/debora/ros2_ws/install/my_py_pkg/share/ament_index
[1.013s] creating /home/debora/ros2_ws/install/my_py_pkg/share/ament_index/resource_index
[1.014s] creating /home/debora/ros2_ws/install/my_py_pkg/share/ament_index/resource_index/packages
[1.014s] copying resource/my_py_pkg -> /home/debora/ros2_ws/install/my_py_pkg/share/ament_index/resource_index/packages
[1.014s] copying package.xml -> /home/debora/ros2_ws/install/my_py_pkg/share/my_py_pkg
[1.014s] running install_egg_info
[1.015s] Copying ../../build/my_py_pkg/my_py_pkg.egg-info to /home/debora/ros2_ws/install/my_py_pkg/lib/python3.10/site-packages/my_py_pkg-0.0.0-py3.10.egg-info
[1.016s] running install_scripts
[1.033s] writing list of installed files to '/home/debora/ros2_ws/build/my_py_pkg/install.log'
[1.060s] Invoked command in '/home/debora/ros2_ws/src/my_py_pkg' returned '0': PYTHONPATH=/home/debora/ros2_ws/build/my_py_pkg/prefix_override:/home/debora/ros2_ws/install/my_py_pkg/lib/python3.10/site-packages:${PYTHONPATH} /usr/bin/python3 setup.py egg_info --egg-base ../../build/my_py_pkg build --build-base /home/debora/ros2_ws/build/my_py_pkg/build install --record /home/debora/ros2_ws/build/my_py_pkg/install.log --single-version-externally-managed
