[0.081s] Invoking command in '/home/debora/ros2_ws/build/my_cpp_pkg': CMAKE_PREFIX_PATH=${CMAKE_PREFIX_PATH}:/home/debora/ros2_ws/install/my_py_pkg:/home/debora/ws_moveit2/install/moveit_configs_utils:/home/debora/ws_moveit2/install/launch_param_builder:/opt/ros/humble /usr/bin/cmake --build /home/debora/ros2_ws/build/my_cpp_pkg -- -j4 -l4
[0.140s] [35m[1mConsolidate compiler generated dependencies of target cpp_node[0m
[0.159s] [ 50%] [32mBuilding CXX object CMakeFiles/cpp_node.dir/src/my_first_node.cpp.o[0m
[3.061s] [100%] [32m[1mLinking CXX executable cpp_node[0m
[3.295s] [100%] Built target cpp_node
[3.311s] Invoked command in '/home/debora/ros2_ws/build/my_cpp_pkg' returned '0': CMAKE_PREFIX_PATH=${CMAKE_PREFIX_PATH}:/home/debora/ros2_ws/install/my_py_pkg:/home/debora/ws_moveit2/install/moveit_configs_utils:/home/debora/ws_moveit2/install/launch_param_builder:/opt/ros/humble /usr/bin/cmake --build /home/debora/ros2_ws/build/my_cpp_pkg -- -j4 -l4
[3.369s] Invoking command in '/home/debora/ros2_ws/build/my_cpp_pkg': CMAKE_PREFIX_PATH=${CMAKE_PREFIX_PATH}:/home/debora/ros2_ws/install/my_py_pkg:/home/debora/ws_moveit2/install/moveit_configs_utils:/home/debora/ws_moveit2/install/launch_param_builder:/opt/ros/humble /usr/bin/cmake --install /home/debora/ros2_ws/build/my_cpp_pkg
[3.379s] -- Install configuration: ""
[3.379s] -- Installing: /home/debora/ros2_ws/install/my_cpp_pkg/lib/&{PROJECT_NAME}/cpp_node
[3.379s] -- Set runtime path of "/home/debora/ros2_ws/install/my_cpp_pkg/lib/&{PROJECT_NAME}/cpp_node" to ""
[3.379s] -- Up-to-date: /home/debora/ros2_ws/install/my_cpp_pkg/share/ament_index/resource_index/package_run_dependencies/my_cpp_pkg
[3.382s] -- Installing: /home/debora/ros2_ws/install/my_cpp_pkg/share/ament_index/resource_index/parent_prefix_path/my_cpp_pkg
[3.388s] -- Up-to-date: /home/debora/ros2_ws/install/my_cpp_pkg/share/my_cpp_pkg/environment/ament_prefix_path.sh
[3.388s] -- Installing: /home/debora/ros2_ws/install/my_cpp_pkg/share/my_cpp_pkg/environment/ament_prefix_path.dsv
[3.412s] -- Up-to-date: /home/debora/ros2_ws/install/my_cpp_pkg/share/my_cpp_pkg/environment/path.sh
[3.412s] -- Installing: /home/debora/ros2_ws/install/my_cpp_pkg/share/my_cpp_pkg/environment/path.dsv
[3.412s] -- Up-to-date: /home/debora/ros2_ws/install/my_cpp_pkg/share/my_cpp_pkg/local_setup.bash
[3.412s] -- Up-to-date: /home/debora/ros2_ws/install/my_cpp_pkg/share/my_cpp_pkg/local_setup.sh
[3.412s] -- Up-to-date: /home/debora/ros2_ws/install/my_cpp_pkg/share/my_cpp_pkg/local_setup.zsh
[3.413s] -- Installing: /home/debora/ros2_ws/install/my_cpp_pkg/share/my_cpp_pkg/local_setup.dsv
[3.413s] -- Installing: /home/debora/ros2_ws/install/my_cpp_pkg/share/my_cpp_pkg/package.dsv
[3.413s] -- Up-to-date: /home/debora/ros2_ws/install/my_cpp_pkg/share/ament_index/resource_index/packages/my_cpp_pkg
[3.413s] -- Up-to-date: /home/debora/ros2_ws/install/my_cpp_pkg/share/my_cpp_pkg/cmake/my_cpp_pkgConfig.cmake
[3.413s] -- Up-to-date: /home/debora/ros2_ws/install/my_cpp_pkg/share/my_cpp_pkg/cmake/my_cpp_pkgConfig-version.cmake
[3.413s] -- Up-to-date: /home/debora/ros2_ws/install/my_cpp_pkg/share/my_cpp_pkg/package.xml
[3.419s] Invoked command in '/home/debora/ros2_ws/build/my_cpp_pkg' returned '0': CMAKE_PREFIX_PATH=${CMAKE_PREFIX_PATH}:/home/debora/ros2_ws/install/my_py_pkg:/home/debora/ws_moveit2/install/moveit_configs_utils:/home/debora/ws_moveit2/install/launch_param_builder:/opt/ros/humble /usr/bin/cmake --install /home/debora/ros2_ws/build/my_cpp_pkg
