[0.019s] Invoking command in '/home/debora/ROS2Curso/ros2_ws/build/my_cpp_pkg': CMAKE_PREFIX_PATH=${CMAKE_PREFIX_PATH}:/home/debora/ROS2Curso/ros2_ws/install/my_py_pkg:/home/debora/ws_moveit/install/moveit_configs_utils:/opt/ros/humble /usr/bin/cmake /home/debora/ROS2Curso/ros2_ws/src/my_cpp_pkg -DAMENT_CMAKE_SYMLINK_INSTALL=1 -DCMAKE_INSTALL_PREFIX=/home/debora/ROS2Curso/ros2_ws/install/my_cpp_pkg
[0.048s] -- Found ament_cmake: 1.3.8 (/opt/ros/humble/share/ament_cmake/cmake)
[0.180s] -- Override CMake install command with custom implementation using symlinks instead of copying resources
[0.201s] -- Found rclcpp: 16.0.8 (/opt/ros/humble/share/rclcpp/cmake)
[0.254s] -- Found rosidl_generator_c: 3.1.5 (/opt/ros/humble/share/rosidl_generator_c/cmake)
[0.257s] -- Found rosidl_adapter: 3.1.5 (/opt/ros/humble/share/rosidl_adapter/cmake)
[0.267s] -- Found rosidl_generator_cpp: 3.1.5 (/opt/ros/humble/share/rosidl_generator_cpp/cmake)
[0.295s] -- Using all available rosidl_typesupport_c: rosidl_typesupport_fastrtps_c;rosidl_typesupport_introspection_c
[0.316s] -- Using all available rosidl_typesupport_cpp: rosidl_typesupport_fastrtps_cpp;rosidl_typesupport_introspection_cpp
[0.392s] -- Found rmw_implementation_cmake: 6.1.1 (/opt/ros/humble/share/rmw_implementation_cmake/cmake)
[0.398s] -- Found rmw_fastrtps_cpp: 6.2.6 (/opt/ros/humble/share/rmw_fastrtps_cpp/cmake)
[0.550s] -- Using RMW implementation 'rmw_fastrtps_cpp' as default
[0.770s] -- Configuring done
[0.784s] -- Generating done
[0.785s] -- Build files have been written to: /home/debora/ROS2Curso/ros2_ws/build/my_cpp_pkg
[0.791s] Invoked command in '/home/debora/ROS2Curso/ros2_ws/build/my_cpp_pkg' returned '0': CMAKE_PREFIX_PATH=${CMAKE_PREFIX_PATH}:/home/debora/ROS2Curso/ros2_ws/install/my_py_pkg:/home/debora/ws_moveit/install/moveit_configs_utils:/opt/ros/humble /usr/bin/cmake /home/debora/ROS2Curso/ros2_ws/src/my_cpp_pkg -DAMENT_CMAKE_SYMLINK_INSTALL=1 -DCMAKE_INSTALL_PREFIX=/home/debora/ROS2Curso/ros2_ws/install/my_cpp_pkg
[0.793s] Invoking command in '/home/debora/ROS2Curso/ros2_ws/build/my_cpp_pkg': CMAKE_PREFIX_PATH=${CMAKE_PREFIX_PATH}:/home/debora/ROS2Curso/ros2_ws/install/my_py_pkg:/home/debora/ws_moveit/install/moveit_configs_utils:/opt/ros/humble /usr/bin/cmake --build /home/debora/ROS2Curso/ros2_ws/build/my_cpp_pkg -- -j4 -l4
[0.840s] [35m[1mConsolidate compiler generated dependencies of target cpp_node[0m
[0.862s] [ 50%] [32m[1mLinking CXX executable cpp_node[0m
[0.961s] [100%] Built target cpp_node
[0.973s] Invoked command in '/home/debora/ROS2Curso/ros2_ws/build/my_cpp_pkg' returned '0': CMAKE_PREFIX_PATH=${CMAKE_PREFIX_PATH}:/home/debora/ROS2Curso/ros2_ws/install/my_py_pkg:/home/debora/ws_moveit/install/moveit_configs_utils:/opt/ros/humble /usr/bin/cmake --build /home/debora/ROS2Curso/ros2_ws/build/my_cpp_pkg -- -j4 -l4
[1.024s] Invoking command in '/home/debora/ROS2Curso/ros2_ws/build/my_cpp_pkg': CMAKE_PREFIX_PATH=${CMAKE_PREFIX_PATH}:/home/debora/ROS2Curso/ros2_ws/install/my_py_pkg:/home/debora/ws_moveit/install/moveit_configs_utils:/opt/ros/humble /usr/bin/cmake --install /home/debora/ROS2Curso/ros2_ws/build/my_cpp_pkg
[1.033s] -- Install configuration: ""
[1.033s] -- Execute custom install script
[1.033s] -- Symlinking: /home/debora/ROS2Curso/ros2_ws/install/my_cpp_pkg/lib/my_cpp_pkg/cpp_node
[1.043s] -- Symlinking: /home/debora/ROS2Curso/ros2_ws/install/my_cpp_pkg/share/ament_index/resource_index/package_run_dependencies/my_cpp_pkg
[1.054s] -- Symlinking: /home/debora/ROS2Curso/ros2_ws/install/my_cpp_pkg/share/ament_index/resource_index/parent_prefix_path/my_cpp_pkg
[1.067s] -- Symlinking: /home/debora/ROS2Curso/ros2_ws/install/my_cpp_pkg/share/my_cpp_pkg/environment/ament_prefix_path.sh
[1.077s] -- Symlinking: /home/debora/ROS2Curso/ros2_ws/install/my_cpp_pkg/share/my_cpp_pkg/environment/ament_prefix_path.dsv
[1.087s] -- Symlinking: /home/debora/ROS2Curso/ros2_ws/install/my_cpp_pkg/share/my_cpp_pkg/environment/path.sh
[1.097s] -- Symlinking: /home/debora/ROS2Curso/ros2_ws/install/my_cpp_pkg/share/my_cpp_pkg/environment/path.dsv
[1.107s] -- Symlinking: /home/debora/ROS2Curso/ros2_ws/install/my_cpp_pkg/share/my_cpp_pkg/local_setup.bash
[1.117s] -- Symlinking: /home/debora/ROS2Curso/ros2_ws/install/my_cpp_pkg/share/my_cpp_pkg/local_setup.sh
[1.127s] -- Symlinking: /home/debora/ROS2Curso/ros2_ws/install/my_cpp_pkg/share/my_cpp_pkg/local_setup.zsh
[1.137s] -- Symlinking: /home/debora/ROS2Curso/ros2_ws/install/my_cpp_pkg/share/my_cpp_pkg/local_setup.dsv
[1.147s] -- Symlinking: /home/debora/ROS2Curso/ros2_ws/install/my_cpp_pkg/share/my_cpp_pkg/package.dsv
[1.159s] -- Symlinking: /home/debora/ROS2Curso/ros2_ws/install/my_cpp_pkg/share/ament_index/resource_index/packages/my_cpp_pkg
[1.171s] -- Symlinking: /home/debora/ROS2Curso/ros2_ws/install/my_cpp_pkg/share/my_cpp_pkg/cmake/my_cpp_pkgConfig.cmake
[1.182s] -- Symlinking: /home/debora/ROS2Curso/ros2_ws/install/my_cpp_pkg/share/my_cpp_pkg/cmake/my_cpp_pkgConfig-version.cmake
[1.192s] -- Symlinking: /home/debora/ROS2Curso/ros2_ws/install/my_cpp_pkg/share/my_cpp_pkg/package.xml
[1.206s] Invoked command in '/home/debora/ROS2Curso/ros2_ws/build/my_cpp_pkg' returned '0': CMAKE_PREFIX_PATH=${CMAKE_PREFIX_PATH}:/home/debora/ROS2Curso/ros2_ws/install/my_py_pkg:/home/debora/ws_moveit/install/moveit_configs_utils:/opt/ros/humble /usr/bin/cmake --install /home/debora/ROS2Curso/ros2_ws/build/my_cpp_pkg
