[0.138s] Invoking command in '/home/debora/ROS2Curso/ros2_ws/src/build/my_cpp_pkg': CMAKE_PREFIX_PATH=${CMAKE_PREFIX_PATH}:/home/debora/ws_moveit/install/moveit_configs_utils:/opt/ros/humble /usr/bin/cmake /home/debora/ROS2Curso/ros2_ws/src/my_cpp_pkg -DCMAKE_INSTALL_PREFIX=/home/debora/ROS2Curso/ros2_ws/src/install/my_cpp_pkg
[0.286s] -- The C compiler identification is GNU 11.4.0
[0.385s] -- The CXX compiler identification is GNU 11.4.0
[0.402s] -- Detecting C compiler ABI info
[0.490s] -- Detecting C compiler ABI info - done
[0.496s] -- Check for working C compiler: /usr/bin/cc - skipped
[0.496s] -- Detecting C compile features
[0.498s] -- Detecting C compile features - done
[0.502s] -- Detecting CXX compiler ABI info
[0.586s] -- Detecting CXX compiler ABI info - done
[0.591s] -- Check for working CXX compiler: /usr/bin/c++ - skipped
[0.592s] -- Detecting CXX compile features
[0.592s] -- Detecting CXX compile features - done
[0.608s] -- Found ament_cmake: 1.3.8 (/opt/ros/humble/share/ament_cmake/cmake)
[0.919s] -- Found Python3: /usr/bin/python3 (found version "3.10.12") found components: Interpreter 
[1.119s] -- Found rclcpp: 16.0.8 (/opt/ros/humble/share/rclcpp/cmake)
[1.247s] -- Found rosidl_generator_c: 3.1.5 (/opt/ros/humble/share/rosidl_generator_c/cmake)
[1.265s] -- Found rosidl_adapter: 3.1.5 (/opt/ros/humble/share/rosidl_adapter/cmake)
[1.288s] -- Found rosidl_generator_cpp: 3.1.5 (/opt/ros/humble/share/rosidl_generator_cpp/cmake)
[1.323s] -- Using all available rosidl_typesupport_c: rosidl_typesupport_fastrtps_c;rosidl_typesupport_introspection_c
[1.369s] -- Using all available rosidl_typesupport_cpp: rosidl_typesupport_fastrtps_cpp;rosidl_typesupport_introspection_cpp
[1.516s] -- Found rmw_implementation_cmake: 6.1.1 (/opt/ros/humble/share/rmw_implementation_cmake/cmake)
[1.533s] -- Found rmw_fastrtps_cpp: 6.2.6 (/opt/ros/humble/share/rmw_fastrtps_cpp/cmake)
[1.711s] -- Found OpenSSL: /usr/lib/x86_64-linux-gnu/libcrypto.so (found version "3.0.2")  
[1.742s] -- Found FastRTPS: /opt/ros/humble/include  
[1.792s] -- Using RMW implementation 'rmw_fastrtps_cpp' as default
[1.821s] -- Looking for pthread.h
[1.909s] -- Looking for pthread.h - found
[1.910s] -- Performing Test CMAKE_HAVE_LIBC_PTHREAD
[1.984s] -- Performing Test CMAKE_HAVE_LIBC_PTHREAD - Success
[1.985s] -- Found Threads: TRUE  
[2.223s] -- Configuring done
[2.232s] -- Generating done
[2.233s] -- Build files have been written to: /home/debora/ROS2Curso/ros2_ws/src/build/my_cpp_pkg
[2.242s] Invoked command in '/home/debora/ROS2Curso/ros2_ws/src/build/my_cpp_pkg' returned '0': CMAKE_PREFIX_PATH=${CMAKE_PREFIX_PATH}:/home/debora/ws_moveit/install/moveit_configs_utils:/opt/ros/humble /usr/bin/cmake /home/debora/ROS2Curso/ros2_ws/src/my_cpp_pkg -DCMAKE_INSTALL_PREFIX=/home/debora/ROS2Curso/ros2_ws/src/install/my_cpp_pkg
[2.242s] Invoking command in '/home/debora/ROS2Curso/ros2_ws/src/build/my_cpp_pkg': CMAKE_PREFIX_PATH=${CMAKE_PREFIX_PATH}:/home/debora/ws_moveit/install/moveit_configs_utils:/opt/ros/humble /usr/bin/cmake --build /home/debora/ROS2Curso/ros2_ws/src/build/my_cpp_pkg -- -j4 -l4
[2.299s] [ 50%] [32mBuilding CXX object CMakeFiles/cpp_node.dir/src/my_first_node.cpp.o[0m
[5.322s] [100%] [32m[1mLinking CXX executable cpp_node[0m
[5.460s] [100%] Built target cpp_node
[5.475s] Invoked command in '/home/debora/ROS2Curso/ros2_ws/src/build/my_cpp_pkg' returned '0': CMAKE_PREFIX_PATH=${CMAKE_PREFIX_PATH}:/home/debora/ws_moveit/install/moveit_configs_utils:/opt/ros/humble /usr/bin/cmake --build /home/debora/ROS2Curso/ros2_ws/src/build/my_cpp_pkg -- -j4 -l4
[5.522s] Invoking command in '/home/debora/ROS2Curso/ros2_ws/src/build/my_cpp_pkg': CMAKE_PREFIX_PATH=${CMAKE_PREFIX_PATH}:/home/debora/ws_moveit/install/moveit_configs_utils:/opt/ros/humble /usr/bin/cmake --install /home/debora/ROS2Curso/ros2_ws/src/build/my_cpp_pkg
[5.534s] -- Install configuration: ""
[5.534s] -- Installing: /home/debora/ROS2Curso/ros2_ws/src/install/my_cpp_pkg/lib/my_cpp_pkg/cpp_node
[5.534s] -- Set runtime path of "/home/debora/ROS2Curso/ros2_ws/src/install/my_cpp_pkg/lib/my_cpp_pkg/cpp_node" to ""
[5.535s] -- Installing: /home/debora/ROS2Curso/ros2_ws/src/install/my_cpp_pkg/share/ament_index/resource_index/package_run_dependencies/my_cpp_pkg
[5.535s] -- Installing: /home/debora/ROS2Curso/ros2_ws/src/install/my_cpp_pkg/share/ament_index/resource_index/parent_prefix_path/my_cpp_pkg
[5.535s] -- Installing: /home/debora/ROS2Curso/ros2_ws/src/install/my_cpp_pkg/share/my_cpp_pkg/environment/ament_prefix_path.sh
[5.535s] -- Installing: /home/debora/ROS2Curso/ros2_ws/src/install/my_cpp_pkg/share/my_cpp_pkg/environment/ament_prefix_path.dsv
[5.535s] -- Installing: /home/debora/ROS2Curso/ros2_ws/src/install/my_cpp_pkg/share/my_cpp_pkg/environment/path.sh
[5.536s] -- Installing: /home/debora/ROS2Curso/ros2_ws/src/install/my_cpp_pkg/share/my_cpp_pkg/environment/path.dsv
[5.536s] -- Installing: /home/debora/ROS2Curso/ros2_ws/src/install/my_cpp_pkg/share/my_cpp_pkg/local_setup.bash
[5.536s] -- Installing: /home/debora/ROS2Curso/ros2_ws/src/install/my_cpp_pkg/share/my_cpp_pkg/local_setup.sh
[5.536s] -- Installing: /home/debora/ROS2Curso/ros2_ws/src/install/my_cpp_pkg/share/my_cpp_pkg/local_setup.zsh
[5.536s] -- Installing: /home/debora/ROS2Curso/ros2_ws/src/install/my_cpp_pkg/share/my_cpp_pkg/local_setup.dsv
[5.536s] -- Installing: /home/debora/ROS2Curso/ros2_ws/src/install/my_cpp_pkg/share/my_cpp_pkg/package.dsv
[5.537s] -- Installing: /home/debora/ROS2Curso/ros2_ws/src/install/my_cpp_pkg/share/ament_index/resource_index/packages/my_cpp_pkg
[5.537s] -- Installing: /home/debora/ROS2Curso/ros2_ws/src/install/my_cpp_pkg/share/my_cpp_pkg/cmake/my_cpp_pkgConfig.cmake
[5.537s] -- Installing: /home/debora/ROS2Curso/ros2_ws/src/install/my_cpp_pkg/share/my_cpp_pkg/cmake/my_cpp_pkgConfig-version.cmake
[5.537s] -- Installing: /home/debora/ROS2Curso/ros2_ws/src/install/my_cpp_pkg/share/my_cpp_pkg/package.xml
[5.539s] Invoked command in '/home/debora/ROS2Curso/ros2_ws/src/build/my_cpp_pkg' returned '0': CMAKE_PREFIX_PATH=${CMAKE_PREFIX_PATH}:/home/debora/ws_moveit/install/moveit_configs_utils:/opt/ros/humble /usr/bin/cmake --install /home/debora/ROS2Curso/ros2_ws/src/build/my_cpp_pkg
