[0.985s] DEBUG:colcon:Command line arguments: ['/usr/bin/colcon', 'build']
[0.985s] DEBUG:colcon:Parsed command line arguments: Namespace(log_base=None, log_level=None, verb_name='build', build_base='build', install_base='install', merge_install=False, symlink_install=False, test_result_base=None, continue_on_error=False, executor='parallel', parallel_workers=4, event_handlers=None, ignore_user_meta=False, metas=['./colcon.meta'], base_paths=['.'], packages_ignore=None, packages_ignore_regex=None, paths=None, packages_up_to=None, packages_up_to_regex=None, packages_above=None, packages_above_and_dependencies=None, packages_above_depth=None, packages_select_by_dep=None, packages_skip_by_dep=None, packages_skip_up_to=None, packages_select_build_failed=False, packages_skip_build_finished=False, packages_select_test_failures=False, packages_skip_test_passed=False, packages_select=None, packages_skip=None, packages_select_regex=None, packages_skip_regex=None, packages_start=None, packages_end=None, allow_overriding=[], cmake_args=None, cmake_target=None, cmake_target_skip_unavailable=False, cmake_clean_cache=False, cmake_clean_first=False, cmake_force_configure=False, ament_cmake_args=None, catkin_cmake_args=None, catkin_skip_building_tests=False, mixin_files=None, mixin=None, verb_parser=<colcon_mixin.mixin.mixin_argument.MixinArgumentDecorator object at 0x7f018630aef0>, verb_extension=<colcon_core.verb.build.BuildVerb object at 0x7f0186775ea0>, main=<bound method BuildVerb.main of <colcon_core.verb.build.BuildVerb object at 0x7f0186775ea0>>, mixin_verb=('build',))
[1.035s] Level 1:colcon.colcon_core.package_discovery:discover_packages(colcon_meta) check parameters
[1.035s] Level 1:colcon.colcon_core.package_discovery:discover_packages(recursive) check parameters
[1.035s] Level 1:colcon.colcon_core.package_discovery:discover_packages(ignore) check parameters
[1.035s] Level 1:colcon.colcon_core.package_discovery:discover_packages(path) check parameters
[1.035s] Level 1:colcon.colcon_core.package_discovery:discover_packages(colcon_meta) discover
[1.035s] Level 1:colcon.colcon_core.package_discovery:discover_packages(recursive) discover
[1.035s] INFO:colcon.colcon_core.package_discovery:Crawling recursively for packages in '/home/debora/ROS2Curso/ros2_ws/src'
[1.035s] Level 1:colcon.colcon_core.package_identification:_identify(.) by extensions ['ignore', 'ignore_ament_install']
[1.035s] Level 1:colcon.colcon_core.package_identification:_identify(.) by extension 'ignore'
[1.035s] Level 1:colcon.colcon_core.package_identification:_identify(.) by extension 'ignore_ament_install'
[1.035s] Level 1:colcon.colcon_core.package_identification:_identify(.) by extensions ['colcon_pkg']
[1.035s] Level 1:colcon.colcon_core.package_identification:_identify(.) by extension 'colcon_pkg'
[1.035s] Level 1:colcon.colcon_core.package_identification:_identify(.) by extensions ['colcon_meta']
[1.035s] Level 1:colcon.colcon_core.package_identification:_identify(.) by extension 'colcon_meta'
[1.035s] Level 1:colcon.colcon_core.package_identification:_identify(.) by extensions ['ros']
[1.035s] Level 1:colcon.colcon_core.package_identification:_identify(.) by extension 'ros'
[1.044s] Level 1:colcon.colcon_core.package_identification:_identify(.) by extensions ['cmake', 'python']
[1.044s] Level 1:colcon.colcon_core.package_identification:_identify(.) by extension 'cmake'
[1.044s] Level 1:colcon.colcon_core.package_identification:_identify(.) by extension 'python'
[1.044s] Level 1:colcon.colcon_core.package_identification:_identify(.) by extensions ['python_setup_py']
[1.044s] Level 1:colcon.colcon_core.package_identification:_identify(.) by extension 'python_setup_py'
[1.044s] Level 1:colcon.colcon_core.package_identification:_identify(build) by extensions ['ignore', 'ignore_ament_install']
[1.044s] Level 1:colcon.colcon_core.package_identification:_identify(build) by extension 'ignore'
[1.044s] Level 1:colcon.colcon_core.package_identification:_identify(build) ignored
[1.044s] Level 1:colcon.colcon_core.package_identification:_identify(install) by extensions ['ignore', 'ignore_ament_install']
[1.044s] Level 1:colcon.colcon_core.package_identification:_identify(install) by extension 'ignore'
[1.044s] Level 1:colcon.colcon_core.package_identification:_identify(install) ignored
[1.044s] Level 1:colcon.colcon_core.package_identification:_identify(log) by extensions ['ignore', 'ignore_ament_install']
[1.044s] Level 1:colcon.colcon_core.package_identification:_identify(log) by extension 'ignore'
[1.044s] Level 1:colcon.colcon_core.package_identification:_identify(log) ignored
[1.044s] Level 1:colcon.colcon_core.package_identification:_identify(my_cpp_pkg) by extensions ['ignore', 'ignore_ament_install']
[1.044s] Level 1:colcon.colcon_core.package_identification:_identify(my_cpp_pkg) by extension 'ignore'
[1.044s] Level 1:colcon.colcon_core.package_identification:_identify(my_cpp_pkg) by extension 'ignore_ament_install'
[1.044s] Level 1:colcon.colcon_core.package_identification:_identify(my_cpp_pkg) by extensions ['colcon_pkg']
[1.044s] Level 1:colcon.colcon_core.package_identification:_identify(my_cpp_pkg) by extension 'colcon_pkg'
[1.044s] Level 1:colcon.colcon_core.package_identification:_identify(my_cpp_pkg) by extensions ['colcon_meta']
[1.044s] Level 1:colcon.colcon_core.package_identification:_identify(my_cpp_pkg) by extension 'colcon_meta'
[1.044s] Level 1:colcon.colcon_core.package_identification:_identify(my_cpp_pkg) by extensions ['ros']
[1.044s] Level 1:colcon.colcon_core.package_identification:_identify(my_cpp_pkg) by extension 'ros'
[1.046s] DEBUG:colcon.colcon_core.package_identification:Package 'my_cpp_pkg' with type 'ros.ament_cmake' and name 'my_cpp_pkg'
[1.046s] Level 1:colcon.colcon_core.package_identification:_identify(my_py_pkg) by extensions ['ignore', 'ignore_ament_install']
[1.046s] Level 1:colcon.colcon_core.package_identification:_identify(my_py_pkg) by extension 'ignore'
[1.046s] Level 1:colcon.colcon_core.package_identification:_identify(my_py_pkg) by extension 'ignore_ament_install'
[1.047s] Level 1:colcon.colcon_core.package_identification:_identify(my_py_pkg) by extensions ['colcon_pkg']
[1.047s] Level 1:colcon.colcon_core.package_identification:_identify(my_py_pkg) by extension 'colcon_pkg'
[1.047s] Level 1:colcon.colcon_core.package_identification:_identify(my_py_pkg) by extensions ['colcon_meta']
[1.047s] Level 1:colcon.colcon_core.package_identification:_identify(my_py_pkg) by extension 'colcon_meta'
[1.047s] Level 1:colcon.colcon_core.package_identification:_identify(my_py_pkg) by extensions ['ros']
[1.047s] Level 1:colcon.colcon_core.package_identification:_identify(my_py_pkg) by extension 'ros'
[1.047s] DEBUG:colcon.colcon_core.package_identification:Package 'my_py_pkg' with type 'ros.ament_python' and name 'my_py_pkg'
[1.047s] Level 1:colcon.colcon_core.package_discovery:discover_packages(recursive) using defaults
[1.047s] Level 1:colcon.colcon_core.package_discovery:discover_packages(ignore) discover
[1.047s] Level 1:colcon.colcon_core.package_discovery:discover_packages(ignore) using defaults
[1.047s] Level 1:colcon.colcon_core.package_discovery:discover_packages(path) discover
[1.047s] Level 1:colcon.colcon_core.package_discovery:discover_packages(path) using defaults
[1.119s] Level 1:colcon.colcon_core.package_discovery:discover_packages(prefix_path) check parameters
[1.119s] Level 1:colcon.colcon_core.package_discovery:discover_packages(prefix_path) discover
[1.149s] DEBUG:colcon.colcon_installed_package_information.package_discovery:Found 69 installed packages in /home/debora/ws_moveit/install
[1.161s] DEBUG:colcon.colcon_installed_package_information.package_discovery:Found 340 installed packages in /opt/ros/humble
[1.163s] Level 1:colcon.colcon_core.package_discovery:discover_packages(prefix_path) using defaults
[1.247s] Level 5:colcon.colcon_core.verb:set package 'my_cpp_pkg' build argument 'cmake_args' from command line to 'None'
[1.248s] Level 5:colcon.colcon_core.verb:set package 'my_cpp_pkg' build argument 'cmake_target' from command line to 'None'
[1.248s] Level 5:colcon.colcon_core.verb:set package 'my_cpp_pkg' build argument 'cmake_target_skip_unavailable' from command line to 'False'
[1.248s] Level 5:colcon.colcon_core.verb:set package 'my_cpp_pkg' build argument 'cmake_clean_cache' from command line to 'False'
[1.248s] Level 5:colcon.colcon_core.verb:set package 'my_cpp_pkg' build argument 'cmake_clean_first' from command line to 'False'
[1.248s] Level 5:colcon.colcon_core.verb:set package 'my_cpp_pkg' build argument 'cmake_force_configure' from command line to 'False'
[1.248s] Level 5:colcon.colcon_core.verb:set package 'my_cpp_pkg' build argument 'ament_cmake_args' from command line to 'None'
[1.248s] Level 5:colcon.colcon_core.verb:set package 'my_cpp_pkg' build argument 'catkin_cmake_args' from command line to 'None'
[1.248s] Level 5:colcon.colcon_core.verb:set package 'my_cpp_pkg' build argument 'catkin_skip_building_tests' from command line to 'False'
[1.248s] DEBUG:colcon.colcon_core.verb:Building package 'my_cpp_pkg' with the following arguments: {'ament_cmake_args': None, 'build_base': '/home/debora/ROS2Curso/ros2_ws/src/build/my_cpp_pkg', 'catkin_cmake_args': None, 'catkin_skip_building_tests': False, 'cmake_args': None, 'cmake_clean_cache': False, 'cmake_clean_first': False, 'cmake_force_configure': False, 'cmake_target': None, 'cmake_target_skip_unavailable': False, 'install_base': '/home/debora/ROS2Curso/ros2_ws/src/install/my_cpp_pkg', 'merge_install': False, 'path': '/home/debora/ROS2Curso/ros2_ws/src/my_cpp_pkg', 'symlink_install': False, 'test_result_base': None}
[1.259s] Level 5:colcon.colcon_core.verb:set package 'my_py_pkg' build argument 'cmake_args' from command line to 'None'
[1.259s] Level 5:colcon.colcon_core.verb:set package 'my_py_pkg' build argument 'cmake_target' from command line to 'None'
[1.259s] Level 5:colcon.colcon_core.verb:set package 'my_py_pkg' build argument 'cmake_target_skip_unavailable' from command line to 'False'
[1.259s] Level 5:colcon.colcon_core.verb:set package 'my_py_pkg' build argument 'cmake_clean_cache' from command line to 'False'
[1.259s] Level 5:colcon.colcon_core.verb:set package 'my_py_pkg' build argument 'cmake_clean_first' from command line to 'False'
[1.259s] Level 5:colcon.colcon_core.verb:set package 'my_py_pkg' build argument 'cmake_force_configure' from command line to 'False'
[1.259s] Level 5:colcon.colcon_core.verb:set package 'my_py_pkg' build argument 'ament_cmake_args' from command line to 'None'
[1.259s] Level 5:colcon.colcon_core.verb:set package 'my_py_pkg' build argument 'catkin_cmake_args' from command line to 'None'
[1.259s] Level 5:colcon.colcon_core.verb:set package 'my_py_pkg' build argument 'catkin_skip_building_tests' from command line to 'False'
[1.259s] DEBUG:colcon.colcon_core.verb:Building package 'my_py_pkg' with the following arguments: {'ament_cmake_args': None, 'build_base': '/home/debora/ROS2Curso/ros2_ws/src/build/my_py_pkg', 'catkin_cmake_args': None, 'catkin_skip_building_tests': False, 'cmake_args': None, 'cmake_clean_cache': False, 'cmake_clean_first': False, 'cmake_force_configure': False, 'cmake_target': None, 'cmake_target_skip_unavailable': False, 'install_base': '/home/debora/ROS2Curso/ros2_ws/src/install/my_py_pkg', 'merge_install': False, 'path': '/home/debora/ROS2Curso/ros2_ws/src/my_py_pkg', 'symlink_install': False, 'test_result_base': None}
[1.271s] INFO:colcon.colcon_core.executor:Executing jobs using 'parallel' executor
[1.284s] DEBUG:colcon.colcon_parallel_executor.executor.parallel:run_until_complete
[1.284s] INFO:colcon.colcon_ros.task.ament_cmake.build:Building ROS package in '/home/debora/ROS2Curso/ros2_ws/src/my_cpp_pkg' with build type 'ament_cmake'
[1.284s] INFO:colcon.colcon_cmake.task.cmake.build:Building CMake package in '/home/debora/ROS2Curso/ros2_ws/src/my_cpp_pkg'
[1.298s] INFO:colcon.colcon_core.plugin_system:Skipping extension 'colcon_core.shell.bat': Not used on non-Windows systems
[1.298s] INFO:colcon.colcon_core.shell:Skip shell extension 'powershell' for command environment: Not usable outside of PowerShell
[1.298s] DEBUG:colcon.colcon_core.shell:Skip shell extension 'dsv' for command environment
[1.338s] INFO:colcon.colcon_ros.task.ament_python.build:Building ROS package in '/home/debora/ROS2Curso/ros2_ws/src/my_py_pkg' with build type 'ament_python'
[1.339s] Level 1:colcon.colcon_core.shell:create_environment_hook('my_py_pkg', 'ament_prefix_path')
[1.351s] INFO:colcon.colcon_core.shell:Creating environment hook '/home/debora/ROS2Curso/ros2_ws/src/install/my_py_pkg/share/my_py_pkg/hook/ament_prefix_path.ps1'
[1.352s] INFO:colcon.colcon_core.shell:Creating environment descriptor '/home/debora/ROS2Curso/ros2_ws/src/install/my_py_pkg/share/my_py_pkg/hook/ament_prefix_path.dsv'
[1.352s] INFO:colcon.colcon_core.shell:Creating environment hook '/home/debora/ROS2Curso/ros2_ws/src/install/my_py_pkg/share/my_py_pkg/hook/ament_prefix_path.sh'
[1.365s] INFO:colcon.colcon_core.shell:Skip shell extension 'powershell' for command environment: Not usable outside of PowerShell
[1.365s] DEBUG:colcon.colcon_core.shell:Skip shell extension 'dsv' for command environment
[1.413s] DEBUG:colcon.colcon_core.event_handler.log_command:Invoking command in '/home/debora/ROS2Curso/ros2_ws/src/build/my_cpp_pkg': CMAKE_PREFIX_PATH=${CMAKE_PREFIX_PATH}:/home/debora/ws_moveit/install/moveit_configs_utils:/opt/ros/humble /usr/bin/cmake --build /home/debora/ROS2Curso/ros2_ws/src/build/my_cpp_pkg -- -j4 -l4
[1.663s] INFO:colcon.colcon_core.task.python.build:Building Python package in '/home/debora/ROS2Curso/ros2_ws/src/my_py_pkg'
[1.674s] INFO:colcon.colcon_core.shell:Skip shell extension 'powershell' for command environment: Not usable outside of PowerShell
[1.675s] DEBUG:colcon.colcon_core.shell:Skip shell extension 'dsv' for command environment
[1.715s] DEBUG:colcon.colcon_core.event_handler.log_command:Invoked command in '/home/debora/ROS2Curso/ros2_ws/src/build/my_cpp_pkg' returned '0': CMAKE_PREFIX_PATH=${CMAKE_PREFIX_PATH}:/home/debora/ws_moveit/install/moveit_configs_utils:/opt/ros/humble /usr/bin/cmake --build /home/debora/ROS2Curso/ros2_ws/src/build/my_cpp_pkg -- -j4 -l4
[1.766s] DEBUG:colcon.colcon_core.event_handler.log_command:Invoking command in '/home/debora/ROS2Curso/ros2_ws/src/build/my_cpp_pkg': CMAKE_PREFIX_PATH=${CMAKE_PREFIX_PATH}:/home/debora/ws_moveit/install/moveit_configs_utils:/opt/ros/humble /usr/bin/cmake --install /home/debora/ROS2Curso/ros2_ws/src/build/my_cpp_pkg
[1.781s] Level 1:colcon.colcon_core.environment:create_environment_scripts_only(my_cpp_pkg)
[1.781s] DEBUG:colcon.colcon_core.event_handler.log_command:Invoked command in '/home/debora/ROS2Curso/ros2_ws/src/build/my_cpp_pkg' returned '0': CMAKE_PREFIX_PATH=${CMAKE_PREFIX_PATH}:/home/debora/ws_moveit/install/moveit_configs_utils:/opt/ros/humble /usr/bin/cmake --install /home/debora/ROS2Curso/ros2_ws/src/build/my_cpp_pkg
[1.797s] Level 1:colcon.colcon_core.environment:checking '/home/debora/ROS2Curso/ros2_ws/src/install/my_cpp_pkg' for CMake module files
[1.798s] Level 1:colcon.colcon_core.environment:checking '/home/debora/ROS2Curso/ros2_ws/src/install/my_cpp_pkg' for CMake config files
[1.798s] Level 1:colcon.colcon_core.shell:create_environment_hook('my_cpp_pkg', 'cmake_prefix_path')
[1.810s] INFO:colcon.colcon_core.shell:Creating environment hook '/home/debora/ROS2Curso/ros2_ws/src/install/my_cpp_pkg/share/my_cpp_pkg/hook/cmake_prefix_path.ps1'
[1.811s] INFO:colcon.colcon_core.shell:Creating environment descriptor '/home/debora/ROS2Curso/ros2_ws/src/install/my_cpp_pkg/share/my_cpp_pkg/hook/cmake_prefix_path.dsv'
[1.811s] INFO:colcon.colcon_core.shell:Creating environment hook '/home/debora/ROS2Curso/ros2_ws/src/install/my_cpp_pkg/share/my_cpp_pkg/hook/cmake_prefix_path.sh'
[1.812s] Level 1:colcon.colcon_core.environment:checking '/home/debora/ROS2Curso/ros2_ws/src/install/my_cpp_pkg/lib'
[1.812s] Level 1:colcon.colcon_core.environment:checking '/home/debora/ROS2Curso/ros2_ws/src/install/my_cpp_pkg/bin'
[1.812s] Level 1:colcon.colcon_core.environment:checking '/home/debora/ROS2Curso/ros2_ws/src/install/my_cpp_pkg/lib/pkgconfig/my_cpp_pkg.pc'
[1.812s] Level 1:colcon.colcon_core.environment:checking '/home/debora/ROS2Curso/ros2_ws/src/install/my_cpp_pkg/lib/python3.10/site-packages'
[1.813s] Level 1:colcon.colcon_core.environment:checking '/home/debora/ROS2Curso/ros2_ws/src/install/my_cpp_pkg/bin'
[1.825s] INFO:colcon.colcon_core.shell:Creating package script '/home/debora/ROS2Curso/ros2_ws/src/install/my_cpp_pkg/share/my_cpp_pkg/package.ps1'
[1.825s] INFO:colcon.colcon_core.shell:Creating package descriptor '/home/debora/ROS2Curso/ros2_ws/src/install/my_cpp_pkg/share/my_cpp_pkg/package.dsv'
[1.826s] INFO:colcon.colcon_core.shell:Creating package script '/home/debora/ROS2Curso/ros2_ws/src/install/my_cpp_pkg/share/my_cpp_pkg/package.sh'
[1.826s] INFO:colcon.colcon_core.shell:Creating package script '/home/debora/ROS2Curso/ros2_ws/src/install/my_cpp_pkg/share/my_cpp_pkg/package.bash'
[1.827s] INFO:colcon.colcon_core.shell:Creating package script '/home/debora/ROS2Curso/ros2_ws/src/install/my_cpp_pkg/share/my_cpp_pkg/package.zsh'
[1.828s] Level 1:colcon.colcon_core.environment:create_file_with_runtime_dependencies(/home/debora/ROS2Curso/ros2_ws/src/install/my_cpp_pkg/share/colcon-core/packages/my_cpp_pkg)
[1.882s] Level 1:colcon.colcon_core.environment:create_environment_scripts_only(my_cpp_pkg)
[1.894s] Level 1:colcon.colcon_core.environment:checking '/home/debora/ROS2Curso/ros2_ws/src/install/my_cpp_pkg' for CMake module files
[1.895s] Level 1:colcon.colcon_core.environment:checking '/home/debora/ROS2Curso/ros2_ws/src/install/my_cpp_pkg' for CMake config files
[1.895s] Level 1:colcon.colcon_core.shell:create_environment_hook('my_cpp_pkg', 'cmake_prefix_path')
[1.907s] INFO:colcon.colcon_core.shell:Creating environment hook '/home/debora/ROS2Curso/ros2_ws/src/install/my_cpp_pkg/share/my_cpp_pkg/hook/cmake_prefix_path.ps1'
[1.908s] INFO:colcon.colcon_core.shell:Creating environment descriptor '/home/debora/ROS2Curso/ros2_ws/src/install/my_cpp_pkg/share/my_cpp_pkg/hook/cmake_prefix_path.dsv'
[1.908s] INFO:colcon.colcon_core.shell:Creating environment hook '/home/debora/ROS2Curso/ros2_ws/src/install/my_cpp_pkg/share/my_cpp_pkg/hook/cmake_prefix_path.sh'
[1.909s] Level 1:colcon.colcon_core.environment:checking '/home/debora/ROS2Curso/ros2_ws/src/install/my_cpp_pkg/lib'
[1.909s] Level 1:colcon.colcon_core.environment:checking '/home/debora/ROS2Curso/ros2_ws/src/install/my_cpp_pkg/bin'
[1.909s] Level 1:colcon.colcon_core.environment:checking '/home/debora/ROS2Curso/ros2_ws/src/install/my_cpp_pkg/lib/pkgconfig/my_cpp_pkg.pc'
[1.909s] Level 1:colcon.colcon_core.environment:checking '/home/debora/ROS2Curso/ros2_ws/src/install/my_cpp_pkg/lib/python3.10/site-packages'
[1.909s] Level 1:colcon.colcon_core.environment:checking '/home/debora/ROS2Curso/ros2_ws/src/install/my_cpp_pkg/bin'
[1.921s] INFO:colcon.colcon_core.shell:Creating package script '/home/debora/ROS2Curso/ros2_ws/src/install/my_cpp_pkg/share/my_cpp_pkg/package.ps1'
[1.922s] INFO:colcon.colcon_core.shell:Creating package descriptor '/home/debora/ROS2Curso/ros2_ws/src/install/my_cpp_pkg/share/my_cpp_pkg/package.dsv'
[1.923s] INFO:colcon.colcon_core.shell:Creating package script '/home/debora/ROS2Curso/ros2_ws/src/install/my_cpp_pkg/share/my_cpp_pkg/package.sh'
[1.923s] INFO:colcon.colcon_core.shell:Creating package script '/home/debora/ROS2Curso/ros2_ws/src/install/my_cpp_pkg/share/my_cpp_pkg/package.bash'
[1.923s] INFO:colcon.colcon_core.shell:Creating package script '/home/debora/ROS2Curso/ros2_ws/src/install/my_cpp_pkg/share/my_cpp_pkg/package.zsh'
[1.924s] Level 1:colcon.colcon_core.environment:create_file_with_runtime_dependencies(/home/debora/ROS2Curso/ros2_ws/src/install/my_cpp_pkg/share/colcon-core/packages/my_cpp_pkg)
[2.060s] DEBUG:colcon.colcon_core.event_handler.log_command:Invoking command in '/home/debora/ROS2Curso/ros2_ws/src/my_py_pkg': PYTHONPATH=/home/debora/ROS2Curso/ros2_ws/src/build/my_py_pkg/prefix_override:/home/debora/ROS2Curso/ros2_ws/src/install/my_py_pkg/lib/python3.10/site-packages:${PYTHONPATH} /usr/bin/python3 setup.py egg_info --egg-base ../build/my_py_pkg build --build-base /home/debora/ROS2Curso/ros2_ws/src/build/my_py_pkg/build install --record /home/debora/ROS2Curso/ros2_ws/src/build/my_py_pkg/install.log --single-version-externally-managed
[2.331s] DEBUG:colcon.colcon_core.event_handler.log_command:Invoked command in '/home/debora/ROS2Curso/ros2_ws/src/my_py_pkg' returned '0': PYTHONPATH=/home/debora/ROS2Curso/ros2_ws/src/build/my_py_pkg/prefix_override:/home/debora/ROS2Curso/ros2_ws/src/install/my_py_pkg/lib/python3.10/site-packages:${PYTHONPATH} /usr/bin/python3 setup.py egg_info --egg-base ../build/my_py_pkg build --build-base /home/debora/ROS2Curso/ros2_ws/src/build/my_py_pkg/build install --record /home/debora/ROS2Curso/ros2_ws/src/build/my_py_pkg/install.log --single-version-externally-managed
[2.344s] Level 1:colcon.colcon_core.environment:checking '/home/debora/ROS2Curso/ros2_ws/src/install/my_py_pkg' for CMake module files
[2.345s] Level 1:colcon.colcon_core.environment:checking '/home/debora/ROS2Curso/ros2_ws/src/install/my_py_pkg' for CMake config files
[2.345s] Level 1:colcon.colcon_core.environment:checking '/home/debora/ROS2Curso/ros2_ws/src/install/my_py_pkg/lib'
[2.345s] Level 1:colcon.colcon_core.environment:checking '/home/debora/ROS2Curso/ros2_ws/src/install/my_py_pkg/bin'
[2.345s] Level 1:colcon.colcon_core.environment:checking '/home/debora/ROS2Curso/ros2_ws/src/install/my_py_pkg/lib/pkgconfig/my_py_pkg.pc'
[2.345s] Level 1:colcon.colcon_core.environment:checking '/home/debora/ROS2Curso/ros2_ws/src/install/my_py_pkg/lib/python3.10/site-packages'
[2.345s] Level 1:colcon.colcon_core.shell:create_environment_hook('my_py_pkg', 'pythonpath')
[2.356s] INFO:colcon.colcon_core.shell:Creating environment hook '/home/debora/ROS2Curso/ros2_ws/src/install/my_py_pkg/share/my_py_pkg/hook/pythonpath.ps1'
[2.357s] INFO:colcon.colcon_core.shell:Creating environment descriptor '/home/debora/ROS2Curso/ros2_ws/src/install/my_py_pkg/share/my_py_pkg/hook/pythonpath.dsv'
[2.357s] INFO:colcon.colcon_core.shell:Creating environment hook '/home/debora/ROS2Curso/ros2_ws/src/install/my_py_pkg/share/my_py_pkg/hook/pythonpath.sh'
[2.358s] Level 1:colcon.colcon_core.environment:checking '/home/debora/ROS2Curso/ros2_ws/src/install/my_py_pkg/bin'
[2.358s] Level 1:colcon.colcon_core.environment:create_environment_scripts_only(my_py_pkg)
[2.369s] INFO:colcon.colcon_core.shell:Creating package script '/home/debora/ROS2Curso/ros2_ws/src/install/my_py_pkg/share/my_py_pkg/package.ps1'
[2.370s] INFO:colcon.colcon_core.shell:Creating package descriptor '/home/debora/ROS2Curso/ros2_ws/src/install/my_py_pkg/share/my_py_pkg/package.dsv'
[2.370s] INFO:colcon.colcon_core.shell:Creating package script '/home/debora/ROS2Curso/ros2_ws/src/install/my_py_pkg/share/my_py_pkg/package.sh'
[2.371s] INFO:colcon.colcon_core.shell:Creating package script '/home/debora/ROS2Curso/ros2_ws/src/install/my_py_pkg/share/my_py_pkg/package.bash'
[2.371s] INFO:colcon.colcon_core.shell:Creating package script '/home/debora/ROS2Curso/ros2_ws/src/install/my_py_pkg/share/my_py_pkg/package.zsh'
[2.371s] Level 1:colcon.colcon_core.environment:create_file_with_runtime_dependencies(/home/debora/ROS2Curso/ros2_ws/src/install/my_py_pkg/share/colcon-core/packages/my_py_pkg)
[2.371s] DEBUG:colcon.colcon_parallel_executor.executor.parallel:closing loop
[2.372s] DEBUG:colcon.colcon_parallel_executor.executor.parallel:loop closed
[2.372s] DEBUG:colcon.colcon_parallel_executor.executor.parallel:run_until_complete finished with '0'
[2.372s] DEBUG:colcon.colcon_core.event_reactor:joining thread
[2.401s] INFO:colcon.colcon_core.plugin_system:Skipping extension 'colcon_notification.desktop_notification.terminal_notifier': Not used on non-Darwin systems
[2.402s] INFO:colcon.colcon_core.plugin_system:Skipping extension 'colcon_notification.desktop_notification.win32': Not used on non-Windows systems
[2.402s] INFO:colcon.colcon_notification.desktop_notification:Sending desktop notification using 'notify2'
[2.415s] DEBUG:colcon.colcon_core.event_reactor:joined thread
[2.431s] INFO:colcon.colcon_core.shell:Creating prefix script '/home/debora/ROS2Curso/ros2_ws/src/install/local_setup.ps1'
[2.432s] INFO:colcon.colcon_core.shell:Creating prefix util module '/home/debora/ROS2Curso/ros2_ws/src/install/_local_setup_util_ps1.py'
[2.433s] INFO:colcon.colcon_core.shell:Creating prefix chain script '/home/debora/ROS2Curso/ros2_ws/src/install/setup.ps1'
[2.449s] INFO:colcon.colcon_core.shell:Creating prefix script '/home/debora/ROS2Curso/ros2_ws/src/install/local_setup.sh'
[2.449s] INFO:colcon.colcon_core.shell:Creating prefix util module '/home/debora/ROS2Curso/ros2_ws/src/install/_local_setup_util_sh.py'
[2.450s] INFO:colcon.colcon_core.shell:Creating prefix chain script '/home/debora/ROS2Curso/ros2_ws/src/install/setup.sh'
[2.465s] INFO:colcon.colcon_core.shell:Creating prefix script '/home/debora/ROS2Curso/ros2_ws/src/install/local_setup.bash'
[2.465s] INFO:colcon.colcon_core.shell:Creating prefix chain script '/home/debora/ROS2Curso/ros2_ws/src/install/setup.bash'
[2.479s] INFO:colcon.colcon_core.shell:Creating prefix script '/home/debora/ROS2Curso/ros2_ws/src/install/local_setup.zsh'
[2.479s] INFO:colcon.colcon_core.shell:Creating prefix chain script '/home/debora/ROS2Curso/ros2_ws/src/install/setup.zsh'
