[0.014s] Invoking command in '/home/debora/ROS2Curso/ros2_ws/build/my_cpp_pkg': CMAKE_PREFIX_PATH=${CMAKE_PREFIX_PATH}:/home/debora/ROS2Curso/ros2_ws/install/my_py_pkg:/home/debora/ws_moveit/install/moveit_configs_utils:/opt/ros/humble /usr/bin/cmake --build /home/debora/ROS2Curso/ros2_ws/build/my_cpp_pkg -- -j4 -l4
[0.080s] [ 50%] [32mBuilding CXX object CMakeFiles/cpp_node.dir/src/my_first_node.cpp.o[0m
[3.043s] [100%] [32m[1mLinking CXX executable cpp_node[0m
[3.200s] [100%] Built target cpp_node
[3.215s] Invoked command in '/home/debora/ROS2Curso/ros2_ws/build/my_cpp_pkg' returned '0': CMAKE_PREFIX_PATH=${CMAKE_PREFIX_PATH}:/home/debora/ROS2Curso/ros2_ws/install/my_py_pkg:/home/debora/ws_moveit/install/moveit_configs_utils:/opt/ros/humble /usr/bin/cmake --build /home/debora/ROS2Curso/ros2_ws/build/my_cpp_pkg -- -j4 -l4
[3.277s] Invoking command in '/home/debora/ROS2Curso/ros2_ws/build/my_cpp_pkg': CMAKE_PREFIX_PATH=${CMAKE_PREFIX_PATH}:/home/debora/ROS2Curso/ros2_ws/install/my_py_pkg:/home/debora/ws_moveit/install/moveit_configs_utils:/opt/ros/humble /usr/bin/cmake --install /home/debora/ROS2Curso/ros2_ws/build/my_cpp_pkg
[3.288s] -- Install configuration: ""
[3.289s] -- Installing: /home/debora/ROS2Curso/ros2_ws/install/my_cpp_pkg/lib/my_cpp_pkg/cpp_node
[3.290s] -- Set runtime path of "/home/debora/ROS2Curso/ros2_ws/install/my_cpp_pkg/lib/my_cpp_pkg/cpp_node" to ""
[3.290s] -- Up-to-date: /home/debora/ROS2Curso/ros2_ws/install/my_cpp_pkg/share/ament_index/resource_index/package_run_dependencies/my_cpp_pkg
[3.290s] -- Up-to-date: /home/debora/ROS2Curso/ros2_ws/install/my_cpp_pkg/share/ament_index/resource_index/parent_prefix_path/my_cpp_pkg
[3.290s] -- Up-to-date: /home/debora/ROS2Curso/ros2_ws/install/my_cpp_pkg/share/my_cpp_pkg/environment/ament_prefix_path.sh
[3.290s] -- Up-to-date: /home/debora/ROS2Curso/ros2_ws/install/my_cpp_pkg/share/my_cpp_pkg/environment/ament_prefix_path.dsv
[3.290s] -- Up-to-date: /home/debora/ROS2Curso/ros2_ws/install/my_cpp_pkg/share/my_cpp_pkg/environment/path.sh
[3.290s] -- Up-to-date: /home/debora/ROS2Curso/ros2_ws/install/my_cpp_pkg/share/my_cpp_pkg/environment/path.dsv
[3.290s] -- Up-to-date: /home/debora/ROS2Curso/ros2_ws/install/my_cpp_pkg/share/my_cpp_pkg/local_setup.bash
[3.291s] -- Up-to-date: /home/debora/ROS2Curso/ros2_ws/install/my_cpp_pkg/share/my_cpp_pkg/local_setup.sh
[3.291s] -- Up-to-date: /home/debora/ROS2Curso/ros2_ws/install/my_cpp_pkg/share/my_cpp_pkg/local_setup.zsh
[3.291s] -- Up-to-date: /home/debora/ROS2Curso/ros2_ws/install/my_cpp_pkg/share/my_cpp_pkg/local_setup.dsv
[3.291s] -- Installing: /home/debora/ROS2Curso/ros2_ws/install/my_cpp_pkg/share/my_cpp_pkg/package.dsv
[3.292s] -- Up-to-date: /home/debora/ROS2Curso/ros2_ws/install/my_cpp_pkg/share/ament_index/resource_index/packages/my_cpp_pkg
[3.292s] -- Up-to-date: /home/debora/ROS2Curso/ros2_ws/install/my_cpp_pkg/share/my_cpp_pkg/cmake/my_cpp_pkgConfig.cmake
[3.292s] -- Up-to-date: /home/debora/ROS2Curso/ros2_ws/install/my_cpp_pkg/share/my_cpp_pkg/cmake/my_cpp_pkgConfig-version.cmake
[3.292s] -- Up-to-date: /home/debora/ROS2Curso/ros2_ws/install/my_cpp_pkg/share/my_cpp_pkg/package.xml
[3.295s] Invoked command in '/home/debora/ROS2Curso/ros2_ws/build/my_cpp_pkg' returned '0': CMAKE_PREFIX_PATH=${CMAKE_PREFIX_PATH}:/home/debora/ROS2Curso/ros2_ws/install/my_py_pkg:/home/debora/ws_moveit/install/moveit_configs_utils:/opt/ros/humble /usr/bin/cmake --install /home/debora/ROS2Curso/ros2_ws/build/my_cpp_pkg
